Using pre-set license
Built from '2022.3/staging' branch; Version is '2022.3.2f1 (d74737c6db50) revision 14108471'; Using compiler version '192829333'; Build Type 'Release'
OS: 'Windows 11  (10.0.22621) 64bit Core' Language: 'en' Physical Memory: 16163 MB
BatchMode: 1, IsHumanControllingUs: 0, StartBugReporterOnCrash: 0, Is64bit: 1, IsPro: 1

COMMAND LINE ARGUMENTS:
C:\Program Files\Unity\Hub\Editor\2022.3.2f1\Editor\Unity.exe
-adb2
-batchMode
-noUpm
-name
AssetImportWorker1
-projectPath
C:/Users/derie/Documents/Unity Projects/PortfolioProjects/SpaceBattle
-logFile
Logs/AssetImportWorker1.log
-srvPort
64329
Successfully changed project path to: C:/Users/derie/Documents/Unity Projects/PortfolioProjects/SpaceBattle
C:/Users/derie/Documents/Unity Projects/PortfolioProjects/SpaceBattle
[UnityMemory] Configuration Parameters - Can be set up in boot.config
    "memorysetup-bucket-allocator-granularity=16"
    "memorysetup-bucket-allocator-bucket-count=8"
    "memorysetup-bucket-allocator-block-size=33554432"
    "memorysetup-bucket-allocator-block-count=8"
    "memorysetup-main-allocator-block-size=16777216"
    "memorysetup-thread-allocator-block-size=16777216"
    "memorysetup-gfx-main-allocator-block-size=16777216"
    "memorysetup-gfx-thread-allocator-block-size=16777216"
    "memorysetup-cache-allocator-block-size=4194304"
    "memorysetup-typetree-allocator-block-size=2097152"
    "memorysetup-profiler-bucket-allocator-granularity=16"
    "memorysetup-profiler-bucket-allocator-bucket-count=8"
    "memorysetup-profiler-bucket-allocator-block-size=33554432"
    "memorysetup-profiler-bucket-allocator-block-count=8"
    "memorysetup-profiler-allocator-block-size=16777216"
    "memorysetup-profiler-editor-allocator-block-size=1048576"
    "memorysetup-temp-allocator-size-main=16777216"
    "memorysetup-job-temp-allocator-block-size=2097152"
    "memorysetup-job-temp-allocator-block-size-background=1048576"
    "memorysetup-job-temp-allocator-reduction-small-platforms=262144"
    "memorysetup-allocator-temp-initial-block-size-main=262144"
    "memorysetup-allocator-temp-initial-block-size-worker=262144"
    "memorysetup-temp-allocator-size-background-worker=32768"
    "memorysetup-temp-allocator-size-job-worker=262144"
    "memorysetup-temp-allocator-size-preload-manager=33554432"
    "memorysetup-temp-allocator-size-nav-mesh-worker=65536"
    "memorysetup-temp-allocator-size-audio-worker=65536"
    "memorysetup-temp-allocator-size-cloud-worker=32768"
    "memorysetup-temp-allocator-size-gi-baking-worker=262144"
    "memorysetup-temp-allocator-size-gfx=262144"
Player connection [22184] Host "[IP] 192.168.1.224 [Port] 0 [Flags] 2 [Guid] 1237525682 [EditorId] 1237525682 [Version] 1048832 [Id] WindowsEditor(7,Predator) [Debug] 1 [PackageName] WindowsEditor [ProjectName] Editor" joined multi-casting on [225.0.0.222:54997]...

Player connection [22184] Host "[IP] 192.168.1.224 [Port] 0 [Flags] 2 [Guid] 1237525682 [EditorId] 1237525682 [Version] 1048832 [Id] WindowsEditor(7,Predator) [Debug] 1 [PackageName] WindowsEditor [ProjectName] Editor" joined alternative multi-casting on [225.0.0.222:34997]...

Refreshing native plugins compatible for Editor in 6.36 ms, found 3 plugins.
Preloading 0 native plugins for Editor in 0.00 ms.
Initialize engine version: 2022.3.2f1 (d74737c6db50)
[Subsystems] Discovering subsystems at path C:/Program Files/Unity/Hub/Editor/2022.3.2f1/Editor/Data/Resources/UnitySubsystems
[Subsystems] Discovering subsystems at path C:/Users/derie/Documents/Unity Projects/PortfolioProjects/SpaceBattle/Assets
GfxDevice: creating device client; threaded=0; jobified=0
Direct3D:
    Version:  Direct3D 11.0 [level 11.1]
    Renderer: NVIDIA GeForce RTX 3070 Laptop GPU (ID=0x249d)
    Vendor:   NVIDIA
    VRAM:     8033 MB
    Driver:   31.0.15.3699
Initialize mono
Mono path[0] = 'C:/Program Files/Unity/Hub/Editor/2022.3.2f1/Editor/Data/Managed'
Mono path[1] = 'C:/Program Files/Unity/Hub/Editor/2022.3.2f1/Editor/Data/MonoBleedingEdge/lib/mono/unityjit-win32'
Mono config path = 'C:/Program Files/Unity/Hub/Editor/2022.3.2f1/Editor/Data/MonoBleedingEdge/etc'
Using monoOptions --debugger-agent=transport=dt_socket,embedding=1,server=y,suspend=n,address=127.0.0.1:56864
Begin MonoManager ReloadAssembly
Registering precompiled unity dll's ...
Register platform support module: C:/Program Files/Unity/Hub/Editor/2022.3.2f1/Editor/Data/PlaybackEngines/WebGLSupport/UnityEditor.WebGL.Extensions.dll
Register platform support module: C:/Program Files/Unity/Hub/Editor/2022.3.2f1/Editor/Data/PlaybackEngines/AndroidPlayer/UnityEditor.Android.Extensions.dll
Register platform support module: C:/Program Files/Unity/Hub/Editor/2022.3.2f1/Editor/Data/PlaybackEngines/iOSSupport/UnityEditor.iOS.Extensions.dll
Register platform support module: C:/Program Files/Unity/Hub/Editor/2022.3.2f1/Editor/Data/PlaybackEngines/WindowsStandaloneSupport/UnityEditor.WindowsStandalone.Extensions.dll
Registered in 0.009493 seconds.
- Loaded All Assemblies, in  0.298 seconds
Native extension for WindowsStandalone target not found
[usbmuxd] Start listen thread
[usbmuxd] Listen thread started
Native extension for iOS target not found
Native extension for Android target not found
Android Extension - Scanning For ADB Devices 227 ms
Native extension for WebGL target not found
Mono: successfully reloaded assembly
- Finished resetting the current domain, in  0.495 seconds
Domain Reload Profiling: 791ms
	BeginReloadAssembly (81ms)
		ExecutionOrderSort (0ms)
		DisableScriptedObjects (0ms)
		BackupInstance (0ms)
		ReleaseScriptingObjects (0ms)
		CreateAndSetChildDomain (1ms)
	RebuildCommonClasses (27ms)
	RebuildNativeTypeToScriptingClass (8ms)
	initialDomainReloadingComplete (53ms)
	LoadAllAssembliesAndSetupDomain (127ms)
		LoadAssemblies (80ms)
		RebuildTransferFunctionScriptingTraits (0ms)
		AnalyzeDomain (120ms)
			TypeCache.Refresh (120ms)
				TypeCache.ScanAssembly (109ms)
			ScanForSourceGeneratedMonoScriptInfo (0ms)
			ResolveRequiredComponents (0ms)
	FinalizeReload (495ms)
		ReleaseScriptCaches (0ms)
		RebuildScriptCaches (0ms)
		SetupLoadedEditorAssemblies (448ms)
			LogAssemblyErrors (0ms)
			InitializePlatformSupportModulesInManaged (334ms)
			SetLoadedEditorAssemblies (3ms)
			RefreshPlugins (0ms)
			BeforeProcessingInitializeOnLoad (2ms)
			ProcessInitializeOnLoadAttributes (74ms)
			ProcessInitializeOnLoadMethodAttributes (36ms)
			AfterProcessingInitializeOnLoad (0ms)
			EditorAssembliesLoaded (0ms)
		ExecutionOrderSort2 (0ms)
		AwakeInstancesAfterBackupRestoration (0ms)
========================================================================
Worker process is ready to serve import requests
Begin MonoManager ReloadAssembly
Symbol file LoadedFromMemory doesn't match image C:\Users\derie\Documents\Unity Projects\PortfolioProjects\SpaceBattle\Library\PackageCache\com.unity.visualscripting@1.8.0\Editor\VisualScripting.Core\Dependencies\YamlDotNet\Unity.VisualScripting.YamlDotNet.dll
Symbol file LoadedFromMemory doesn't match image C:\Users\derie\Documents\Unity Projects\PortfolioProjects\SpaceBattle\Library\PackageCache\com.unity.visualscripting@1.8.0\Editor\VisualScripting.Core\Dependencies\DotNetZip\Unity.VisualScripting.IonicZip.dll
- Loaded All Assemblies, in  0.617 seconds
Refreshing native plugins compatible for Editor in 1.97 ms, found 3 plugins.
Native extension for WindowsStandalone target not found
Native extension for iOS target not found
Native extension for Android target not found
Native extension for WebGL target not found
Mono: successfully reloaded assembly
- Finished resetting the current domain, in  0.456 seconds
Domain Reload Profiling: 1071ms
	BeginReloadAssembly (111ms)
		ExecutionOrderSort (0ms)
		DisableScriptedObjects (4ms)
		BackupInstance (0ms)
		ReleaseScriptingObjects (0ms)
		CreateAndSetChildDomain (22ms)
	RebuildCommonClasses (37ms)
	RebuildNativeTypeToScriptingClass (9ms)
	initialDomainReloadingComplete (35ms)
	LoadAllAssembliesAndSetupDomain (422ms)
		LoadAssemblies (235ms)
		RebuildTransferFunctionScriptingTraits (0ms)
		AnalyzeDomain (243ms)
			TypeCache.Refresh (228ms)
				TypeCache.ScanAssembly (216ms)
			ScanForSourceGeneratedMonoScriptInfo (12ms)
			ResolveRequiredComponents (3ms)
	FinalizeReload (456ms)
		ReleaseScriptCaches (0ms)
		RebuildScriptCaches (0ms)
		SetupLoadedEditorAssemblies (323ms)
			LogAssemblyErrors (0ms)
			InitializePlatformSupportModulesInManaged (27ms)
			SetLoadedEditorAssemblies (3ms)
			RefreshPlugins (0ms)
			BeforeProcessingInitializeOnLoad (48ms)
			ProcessInitializeOnLoadAttributes (227ms)
			ProcessInitializeOnLoadMethodAttributes (14ms)
			AfterProcessingInitializeOnLoad (4ms)
			EditorAssembliesLoaded (0ms)
		ExecutionOrderSort2 (0ms)
		AwakeInstancesAfterBackupRestoration (6ms)
Launched and connected shader compiler UnityShaderCompiler.exe after 0.04 seconds
Refreshing native plugins compatible for Editor in 2.88 ms, found 3 plugins.
Preloading 0 native plugins for Editor in 0.00 ms.
Unloading 3492 Unused Serialized files (Serialized files now loaded: 0)
Unloading 38 unused Assets / (56.8 KB). Loaded Objects now: 3964.
Memory consumption went from 137.4 MB to 137.3 MB.
Total: 3.577300 ms (FindLiveObjects: 0.282200 ms CreateObjectMapping: 0.157100 ms MarkObjects: 3.014200 ms  DeleteObjects: 0.122700 ms)

AssetImportParameters requested are different than current active one (requested -> active):
  custom:container-demuxer-ogg: 62fdf1f143b41e24485cea50d1cbac27 -> 
  custom:video-decoder-ogg-theora: a1e56fd34408186e4bbccfd4996cb3dc -> 
  custom:framework-win-MediaFoundation: 216162199b28c13a410421893ffa2e32 -> 
  custom:container-demuxer-webm: 4f35f7cbe854078d1ac9338744f61a02 -> 
  custom:container-muxer-webm: aa71ff27fc2769a1b78a27578f13a17b -> 
  custom:video-decoder-webm-vp8: 9c59270c3fd7afecdb556c50c9e8de78 -> 
  custom:AudioImporter_EditorPlatform: d09bf68614088b80899f8185d706f6e7 -> 
  custom:video-encoder-webm-vp8: eb34c28f22e8b96e1ab97ce403110664 -> 
  custom:audio-decoder-ogg-vorbis: bf7c407c2cedff20999df2af8eb42d56 -> 
  custom:audio-encoder-webm-vorbis: bf7c407c2cedff20999df2af8eb42d56 -> 
========================================================================
Received Prepare
Begin MonoManager ReloadAssembly
Symbol file LoadedFromMemory doesn't match image C:\Users\derie\Documents\Unity Projects\PortfolioProjects\SpaceBattle\Library\PackageCache\com.unity.visualscripting@1.8.0\Editor\VisualScripting.Core\Dependencies\YamlDotNet\Unity.VisualScripting.YamlDotNet.dll
Symbol file LoadedFromMemory doesn't match image C:\Users\derie\Documents\Unity Projects\PortfolioProjects\SpaceBattle\Library\PackageCache\com.unity.visualscripting@1.8.0\Editor\VisualScripting.Core\Dependencies\DotNetZip\Unity.VisualScripting.IonicZip.dll
- Loaded All Assemblies, in  0.776 seconds
Refreshing native plugins compatible for Editor in 2.14 ms, found 3 plugins.
Native extension for WindowsStandalone target not found
Native extension for iOS target not found
Native extension for Android target not found
Native extension for WebGL target not found
Mono: successfully reloaded assembly
- Finished resetting the current domain, in  0.625 seconds
Domain Reload Profiling: 1400ms
	BeginReloadAssembly (203ms)
		ExecutionOrderSort (0ms)
		DisableScriptedObjects (8ms)
		BackupInstance (0ms)
		ReleaseScriptingObjects (0ms)
		CreateAndSetChildDomain (83ms)
	RebuildCommonClasses (25ms)
	RebuildNativeTypeToScriptingClass (8ms)
	initialDomainReloadingComplete (24ms)
	LoadAllAssembliesAndSetupDomain (516ms)
		LoadAssemblies (334ms)
		RebuildTransferFunctionScriptingTraits (0ms)
		AnalyzeDomain (241ms)
			TypeCache.Refresh (238ms)
				TypeCache.ScanAssembly (218ms)
			ScanForSourceGeneratedMonoScriptInfo (0ms)
			ResolveRequiredComponents (4ms)
	FinalizeReload (625ms)
		ReleaseScriptCaches (0ms)
		RebuildScriptCaches (0ms)
		SetupLoadedEditorAssemblies (292ms)
			LogAssemblyErrors (0ms)
			InitializePlatformSupportModulesInManaged (28ms)
			SetLoadedEditorAssemblies (4ms)
			RefreshPlugins (0ms)
			BeforeProcessingInitializeOnLoad (50ms)
			ProcessInitializeOnLoadAttributes (196ms)
			ProcessInitializeOnLoadMethodAttributes (11ms)
			AfterProcessingInitializeOnLoad (4ms)
			EditorAssembliesLoaded (0ms)
		ExecutionOrderSort2 (0ms)
		AwakeInstancesAfterBackupRestoration (4ms)
Refreshing native plugins compatible for Editor in 2.08 ms, found 3 plugins.
Preloading 0 native plugins for Editor in 0.00 ms.
Unloading 3468 Unused Serialized files (Serialized files now loaded: 0)
Unloading 23 unused Assets / (31.2 KB). Loaded Objects now: 3967.
Memory consumption went from 131.6 MB to 131.6 MB.
Total: 3.740400 ms (FindLiveObjects: 0.278200 ms CreateObjectMapping: 0.093200 ms MarkObjects: 3.294900 ms  DeleteObjects: 0.073300 ms)

Prepare: number of updated asset objects reloaded= 0
AssetImportParameters requested are different than current active one (requested -> active):
  custom:container-demuxer-ogg: 62fdf1f143b41e24485cea50d1cbac27 -> 
  custom:video-decoder-ogg-theora: a1e56fd34408186e4bbccfd4996cb3dc -> 
  custom:framework-win-MediaFoundation: 216162199b28c13a410421893ffa2e32 -> 
  custom:container-demuxer-webm: 4f35f7cbe854078d1ac9338744f61a02 -> 
  custom:container-muxer-webm: aa71ff27fc2769a1b78a27578f13a17b -> 
  custom:video-decoder-webm-vp8: 9c59270c3fd7afecdb556c50c9e8de78 -> 
  custom:AudioImporter_EditorPlatform: d09bf68614088b80899f8185d706f6e7 -> 
  custom:video-encoder-webm-vp8: eb34c28f22e8b96e1ab97ce403110664 -> 
  custom:audio-decoder-ogg-vorbis: bf7c407c2cedff20999df2af8eb42d56 -> 
  custom:audio-encoder-webm-vorbis: bf7c407c2cedff20999df2af8eb42d56 -> 
========================================================================
Received Prepare
Begin MonoManager ReloadAssembly
Symbol file LoadedFromMemory doesn't match image C:\Users\derie\Documents\Unity Projects\PortfolioProjects\SpaceBattle\Library\PackageCache\com.unity.visualscripting@1.8.0\Editor\VisualScripting.Core\Dependencies\YamlDotNet\Unity.VisualScripting.YamlDotNet.dll
Symbol file LoadedFromMemory doesn't match image C:\Users\derie\Documents\Unity Projects\PortfolioProjects\SpaceBattle\Library\PackageCache\com.unity.visualscripting@1.8.0\Editor\VisualScripting.Core\Dependencies\DotNetZip\Unity.VisualScripting.IonicZip.dll
- Loaded All Assemblies, in  0.727 seconds
Refreshing native plugins compatible for Editor in 2.00 ms, found 3 plugins.
Native extension for WindowsStandalone target not found
Native extension for iOS target not found
Native extension for Android target not found
Native extension for WebGL target not found
Mono: successfully reloaded assembly
- Finished resetting the current domain, in  1.064 seconds
Domain Reload Profiling: 1790ms
	BeginReloadAssembly (178ms)
		ExecutionOrderSort (0ms)
		DisableScriptedObjects (7ms)
		BackupInstance (0ms)
		ReleaseScriptingObjects (0ms)
		CreateAndSetChildDomain (73ms)
	RebuildCommonClasses (26ms)
	RebuildNativeTypeToScriptingClass (8ms)
	initialDomainReloadingComplete (24ms)
	LoadAllAssembliesAndSetupDomain (489ms)
		LoadAssemblies (317ms)
		RebuildTransferFunctionScriptingTraits (0ms)
		AnalyzeDomain (226ms)
			TypeCache.Refresh (223ms)
				TypeCache.ScanAssembly (210ms)
			ScanForSourceGeneratedMonoScriptInfo (0ms)
			ResolveRequiredComponents (3ms)
	FinalizeReload (1065ms)
		ReleaseScriptCaches (0ms)
		RebuildScriptCaches (0ms)
		SetupLoadedEditorAssemblies (320ms)
			LogAssemblyErrors (0ms)
			InitializePlatformSupportModulesInManaged (30ms)
			SetLoadedEditorAssemblies (4ms)
			RefreshPlugins (0ms)
			BeforeProcessingInitializeOnLoad (51ms)
			ProcessInitializeOnLoadAttributes (217ms)
			ProcessInitializeOnLoadMethodAttributes (14ms)
			AfterProcessingInitializeOnLoad (4ms)
			EditorAssembliesLoaded (0ms)
		ExecutionOrderSort2 (0ms)
		AwakeInstancesAfterBackupRestoration (6ms)
Refreshing native plugins compatible for Editor in 2.85 ms, found 3 plugins.
Preloading 0 native plugins for Editor in 0.00 ms.
Unloading 3468 Unused Serialized files (Serialized files now loaded: 0)
Unloading 23 unused Assets / (31.1 KB). Loaded Objects now: 3970.
Memory consumption went from 131.6 MB to 131.6 MB.
Total: 3.854400 ms (FindLiveObjects: 0.306300 ms CreateObjectMapping: 0.112500 ms MarkObjects: 3.318700 ms  DeleteObjects: 0.115600 ms)

Prepare: number of updated asset objects reloaded= 0
AssetImportParameters requested are different than current active one (requested -> active):
  custom:container-demuxer-ogg: 62fdf1f143b41e24485cea50d1cbac27 -> 
  custom:video-decoder-ogg-theora: a1e56fd34408186e4bbccfd4996cb3dc -> 
  custom:framework-win-MediaFoundation: 216162199b28c13a410421893ffa2e32 -> 
  custom:container-demuxer-webm: 4f35f7cbe854078d1ac9338744f61a02 -> 
  custom:container-muxer-webm: aa71ff27fc2769a1b78a27578f13a17b -> 
  custom:video-decoder-webm-vp8: 9c59270c3fd7afecdb556c50c9e8de78 -> 
  custom:AudioImporter_EditorPlatform: d09bf68614088b80899f8185d706f6e7 -> 
  custom:video-encoder-webm-vp8: eb34c28f22e8b96e1ab97ce403110664 -> 
  custom:audio-decoder-ogg-vorbis: bf7c407c2cedff20999df2af8eb42d56 -> 
  custom:audio-encoder-webm-vorbis: bf7c407c2cedff20999df2af8eb42d56 -> 
========================================================================
Received Prepare
Begin MonoManager ReloadAssembly
Symbol file LoadedFromMemory doesn't match image C:\Users\derie\Documents\Unity Projects\PortfolioProjects\SpaceBattle\Library\PackageCache\com.unity.visualscripting@1.8.0\Editor\VisualScripting.Core\Dependencies\YamlDotNet\Unity.VisualScripting.YamlDotNet.dll
Symbol file LoadedFromMemory doesn't match image C:\Users\derie\Documents\Unity Projects\PortfolioProjects\SpaceBattle\Library\PackageCache\com.unity.visualscripting@1.8.0\Editor\VisualScripting.Core\Dependencies\DotNetZip\Unity.VisualScripting.IonicZip.dll
- Loaded All Assemblies, in  0.537 seconds
Refreshing native plugins compatible for Editor in 2.14 ms, found 3 plugins.
Native extension for WindowsStandalone target not found
Native extension for iOS target not found
Native extension for Android target not found
Native extension for WebGL target not found
Mono: successfully reloaded assembly
- Finished resetting the current domain, in  0.578 seconds
Domain Reload Profiling: 1115ms
	BeginReloadAssembly (113ms)
		ExecutionOrderSort (0ms)
		DisableScriptedObjects (3ms)
		BackupInstance (0ms)
		ReleaseScriptingObjects (0ms)
		CreateAndSetChildDomain (34ms)
	RebuildCommonClasses (24ms)
	RebuildNativeTypeToScriptingClass (8ms)
	initialDomainReloadingComplete (24ms)
	LoadAllAssembliesAndSetupDomain (368ms)
		LoadAssemblies (206ms)
		RebuildTransferFunctionScriptingTraits (0ms)
		AnalyzeDomain (207ms)
			TypeCache.Refresh (204ms)
				TypeCache.ScanAssembly (194ms)
			ScanForSourceGeneratedMonoScriptInfo (0ms)
			ResolveRequiredComponents (3ms)
	FinalizeReload (579ms)
		ReleaseScriptCaches (0ms)
		RebuildScriptCaches (0ms)
		SetupLoadedEditorAssemblies (283ms)
			LogAssemblyErrors (0ms)
			InitializePlatformSupportModulesInManaged (23ms)
			SetLoadedEditorAssemblies (4ms)
			RefreshPlugins (0ms)
			BeforeProcessingInitializeOnLoad (47ms)
			ProcessInitializeOnLoadAttributes (192ms)
			ProcessInitializeOnLoadMethodAttributes (13ms)
			AfterProcessingInitializeOnLoad (4ms)
			EditorAssembliesLoaded (0ms)
		ExecutionOrderSort2 (0ms)
		AwakeInstancesAfterBackupRestoration (6ms)
Refreshing native plugins compatible for Editor in 2.25 ms, found 3 plugins.
Preloading 0 native plugins for Editor in 0.00 ms.
Unloading 3468 Unused Serialized files (Serialized files now loaded: 0)
Unloading 23 unused Assets / (31.1 KB). Loaded Objects now: 3973.
Memory consumption went from 131.6 MB to 131.6 MB.
Total: 3.568300 ms (FindLiveObjects: 0.281400 ms CreateObjectMapping: 0.099600 ms MarkObjects: 3.105500 ms  DeleteObjects: 0.080700 ms)

Prepare: number of updated asset objects reloaded= 0
AssetImportParameters requested are different than current active one (requested -> active):
  custom:container-demuxer-ogg: 62fdf1f143b41e24485cea50d1cbac27 -> 
  custom:video-decoder-ogg-theora: a1e56fd34408186e4bbccfd4996cb3dc -> 
  custom:framework-win-MediaFoundation: 216162199b28c13a410421893ffa2e32 -> 
  custom:container-demuxer-webm: 4f35f7cbe854078d1ac9338744f61a02 -> 
  custom:container-muxer-webm: aa71ff27fc2769a1b78a27578f13a17b -> 
  custom:video-decoder-webm-vp8: 9c59270c3fd7afecdb556c50c9e8de78 -> 
  custom:AudioImporter_EditorPlatform: d09bf68614088b80899f8185d706f6e7 -> 
  custom:video-encoder-webm-vp8: eb34c28f22e8b96e1ab97ce403110664 -> 
  custom:audio-decoder-ogg-vorbis: bf7c407c2cedff20999df2af8eb42d56 -> 
  custom:audio-encoder-webm-vorbis: bf7c407c2cedff20999df2af8eb42d56 -> 
========================================================================
Received Prepare
Begin MonoManager ReloadAssembly
Symbol file LoadedFromMemory doesn't match image C:\Users\derie\Documents\Unity Projects\PortfolioProjects\SpaceBattle\Library\PackageCache\com.unity.visualscripting@1.8.0\Editor\VisualScripting.Core\Dependencies\YamlDotNet\Unity.VisualScripting.YamlDotNet.dll
Symbol file LoadedFromMemory doesn't match image C:\Users\derie\Documents\Unity Projects\PortfolioProjects\SpaceBattle\Library\PackageCache\com.unity.visualscripting@1.8.0\Editor\VisualScripting.Core\Dependencies\DotNetZip\Unity.VisualScripting.IonicZip.dll
- Loaded All Assemblies, in  0.519 seconds
Refreshing native plugins compatible for Editor in 1.81 ms, found 3 plugins.
Native extension for WindowsStandalone target not found
Native extension for iOS target not found
Native extension for Android target not found
Native extension for WebGL target not found
Mono: successfully reloaded assembly
- Finished resetting the current domain, in  0.624 seconds
Domain Reload Profiling: 1142ms
	BeginReloadAssembly (112ms)
		ExecutionOrderSort (0ms)
		DisableScriptedObjects (4ms)
		BackupInstance (0ms)
		ReleaseScriptingObjects (0ms)
		CreateAndSetChildDomain (34ms)
	RebuildCommonClasses (27ms)
	RebuildNativeTypeToScriptingClass (8ms)
	initialDomainReloadingComplete (21ms)
	LoadAllAssembliesAndSetupDomain (351ms)
		LoadAssemblies (182ms)
		RebuildTransferFunctionScriptingTraits (0ms)
		AnalyzeDomain (213ms)
			TypeCache.Refresh (203ms)
				TypeCache.ScanAssembly (194ms)
			ScanForSourceGeneratedMonoScriptInfo (0ms)
			ResolveRequiredComponents (10ms)
	FinalizeReload (625ms)
		ReleaseScriptCaches (0ms)
		RebuildScriptCaches (0ms)
		SetupLoadedEditorAssemblies (294ms)
			LogAssemblyErrors (0ms)
			InitializePlatformSupportModulesInManaged (25ms)
			SetLoadedEditorAssemblies (4ms)
			RefreshPlugins (0ms)
			BeforeProcessingInitializeOnLoad (49ms)
			ProcessInitializeOnLoadAttributes (196ms)
			ProcessInitializeOnLoadMethodAttributes (15ms)
			AfterProcessingInitializeOnLoad (4ms)
			EditorAssembliesLoaded (0ms)
		ExecutionOrderSort2 (0ms)
		AwakeInstancesAfterBackupRestoration (6ms)
Refreshing native plugins compatible for Editor in 2.89 ms, found 3 plugins.
Preloading 0 native plugins for Editor in 0.00 ms.
Unloading 3468 Unused Serialized files (Serialized files now loaded: 0)
Unloading 23 unused Assets / (31.1 KB). Loaded Objects now: 3976.
Memory consumption went from 131.6 MB to 131.6 MB.
Total: 2.988600 ms (FindLiveObjects: 0.284900 ms CreateObjectMapping: 0.095900 ms MarkObjects: 2.555300 ms  DeleteObjects: 0.051000 ms)

Prepare: number of updated asset objects reloaded= 0
AssetImportParameters requested are different than current active one (requested -> active):
  custom:container-demuxer-ogg: 62fdf1f143b41e24485cea50d1cbac27 -> 
  custom:video-decoder-ogg-theora: a1e56fd34408186e4bbccfd4996cb3dc -> 
  custom:framework-win-MediaFoundation: 216162199b28c13a410421893ffa2e32 -> 
  custom:container-demuxer-webm: 4f35f7cbe854078d1ac9338744f61a02 -> 
  custom:container-muxer-webm: aa71ff27fc2769a1b78a27578f13a17b -> 
  custom:video-decoder-webm-vp8: 9c59270c3fd7afecdb556c50c9e8de78 -> 
  custom:AudioImporter_EditorPlatform: d09bf68614088b80899f8185d706f6e7 -> 
  custom:video-encoder-webm-vp8: eb34c28f22e8b96e1ab97ce403110664 -> 
  custom:audio-decoder-ogg-vorbis: bf7c407c2cedff20999df2af8eb42d56 -> 
  custom:audio-encoder-webm-vorbis: bf7c407c2cedff20999df2af8eb42d56 -> 
========================================================================
Received Prepare
Begin MonoManager ReloadAssembly
Symbol file LoadedFromMemory doesn't match image C:\Users\derie\Documents\Unity Projects\PortfolioProjects\SpaceBattle\Library\PackageCache\com.unity.visualscripting@1.8.0\Editor\VisualScripting.Core\Dependencies\YamlDotNet\Unity.VisualScripting.YamlDotNet.dll
Symbol file LoadedFromMemory doesn't match image C:\Users\derie\Documents\Unity Projects\PortfolioProjects\SpaceBattle\Library\PackageCache\com.unity.visualscripting@1.8.0\Editor\VisualScripting.Core\Dependencies\DotNetZip\Unity.VisualScripting.IonicZip.dll
- Loaded All Assemblies, in  0.527 seconds
Refreshing native plugins compatible for Editor in 2.23 ms, found 3 plugins.
Native extension for WindowsStandalone target not found
Native extension for iOS target not found
Native extension for Android target not found
Native extension for WebGL target not found
Mono: successfully reloaded assembly
- Finished resetting the current domain, in  0.626 seconds
Domain Reload Profiling: 1152ms
	BeginReloadAssembly (115ms)
		ExecutionOrderSort (0ms)
		DisableScriptedObjects (4ms)
		BackupInstance (0ms)
		ReleaseScriptingObjects (0ms)
		CreateAndSetChildDomain (33ms)
	RebuildCommonClasses (28ms)
	RebuildNativeTypeToScriptingClass (8ms)
	initialDomainReloadingComplete (20ms)
	LoadAllAssembliesAndSetupDomain (353ms)
		LoadAssemblies (189ms)
		RebuildTransferFunctionScriptingTraits (0ms)
		AnalyzeDomain (213ms)
			TypeCache.Refresh (210ms)
				TypeCache.ScanAssembly (198ms)
			ScanForSourceGeneratedMonoScriptInfo (0ms)
			ResolveRequiredComponents (3ms)
	FinalizeReload (626ms)
		ReleaseScriptCaches (0ms)
		RebuildScriptCaches (0ms)
		SetupLoadedEditorAssemblies (301ms)
			LogAssemblyErrors (0ms)
			InitializePlatformSupportModulesInManaged (33ms)
			SetLoadedEditorAssemblies (5ms)
			RefreshPlugins (0ms)
			BeforeProcessingInitializeOnLoad (52ms)
			ProcessInitializeOnLoadAttributes (196ms)
			ProcessInitializeOnLoadMethodAttributes (13ms)
			AfterProcessingInitializeOnLoad (4ms)
			EditorAssembliesLoaded (0ms)
		ExecutionOrderSort2 (0ms)
		AwakeInstancesAfterBackupRestoration (5ms)
Refreshing native plugins compatible for Editor in 2.00 ms, found 3 plugins.
Preloading 0 native plugins for Editor in 0.00 ms.
Unloading 3468 Unused Serialized files (Serialized files now loaded: 0)
Unloading 23 unused Assets / (31.2 KB). Loaded Objects now: 3979.
Memory consumption went from 131.6 MB to 131.6 MB.
Total: 3.548600 ms (FindLiveObjects: 0.300200 ms CreateObjectMapping: 0.144300 ms MarkObjects: 3.047200 ms  DeleteObjects: 0.055700 ms)

Prepare: number of updated asset objects reloaded= 0
AssetImportParameters requested are different than current active one (requested -> active):
  custom:container-demuxer-ogg: 62fdf1f143b41e24485cea50d1cbac27 -> 
  custom:video-decoder-ogg-theora: a1e56fd34408186e4bbccfd4996cb3dc -> 
  custom:framework-win-MediaFoundation: 216162199b28c13a410421893ffa2e32 -> 
  custom:container-demuxer-webm: 4f35f7cbe854078d1ac9338744f61a02 -> 
  custom:container-muxer-webm: aa71ff27fc2769a1b78a27578f13a17b -> 
  custom:video-decoder-webm-vp8: 9c59270c3fd7afecdb556c50c9e8de78 -> 
  custom:AudioImporter_EditorPlatform: d09bf68614088b80899f8185d706f6e7 -> 
  custom:video-encoder-webm-vp8: eb34c28f22e8b96e1ab97ce403110664 -> 
  custom:audio-decoder-ogg-vorbis: bf7c407c2cedff20999df2af8eb42d56 -> 
  custom:audio-encoder-webm-vorbis: bf7c407c2cedff20999df2af8eb42d56 -> 
========================================================================
Received Import Request.
  Time since last request: 335150.364438 seconds.
  path: Assets/Imports/Audio/Absolute Space & Sci-Fi Vol.1 - Sample Pack - Voltz Supreme/Absolute Space & Sci-Fi Vol.1.jpg
  artifactKey: Guid(e500275e906616e4d892075468b080e2) Importer(815301076,1909f56bfc062723c751e8b465ee728b)
Start importing Assets/Imports/Audio/Absolute Space & Sci-Fi Vol.1 - Sample Pack - Voltz Supreme/Absolute Space & Sci-Fi Vol.1.jpg using Guid(e500275e906616e4d892075468b080e2) Importer(815301076,1909f56bfc062723c751e8b465ee728b)  -> (artifact id: 'e98fc7961de4d39355dab341a656904d') in 0.067747 seconds
Number of updated asset objects reloaded before import = 0
Number of asset objects unloaded after import = 2
========================================================================
Received Import Request.
  Time since last request: 0.000019 seconds.
  path: Assets/Imports/Audio/Absolute Space & Sci-Fi Vol.1 - Sample Pack - Voltz Supreme/Absolute Space & Sci-Fi Vol.1 [1].jpg
  artifactKey: Guid(83944ab173be9504eb825dc711106fec) Importer(815301076,1909f56bfc062723c751e8b465ee728b)
Start importing Assets/Imports/Audio/Absolute Space & Sci-Fi Vol.1 - Sample Pack - Voltz Supreme/Absolute Space & Sci-Fi Vol.1 [1].jpg using Guid(83944ab173be9504eb825dc711106fec) Importer(815301076,1909f56bfc062723c751e8b465ee728b)  -> (artifact id: 'ed65ed5d94c6140e3b4b165e746f6974') in 0.010687 seconds
Number of updated asset objects reloaded before import = 0
Number of asset objects unloaded after import = 2
========================================================================
Received Import Request.
  Time since last request: 0.004456 seconds.
  path: Assets/Imports/Plugins/ButtonSoundsEditor/Examples/b_on.png
  artifactKey: Guid(67c4707a08379fc498019265249c2ec5) Importer(815301076,1909f56bfc062723c751e8b465ee728b)
Start importing Assets/Imports/Plugins/ButtonSoundsEditor/Examples/b_on.png using Guid(67c4707a08379fc498019265249c2ec5) Importer(815301076,1909f56bfc062723c751e8b465ee728b)  -> (artifact id: 'f428cbc0caee6e6d717ccacfb8b49366') in 0.033854 seconds
Number of updated asset objects reloaded before import = 0
Number of asset objects unloaded after import = 3
========================================================================
Received Import Request.
  Time since last request: 0.000021 seconds.
  path: Assets/Imports/Unity UI Samples/Textures and Sprites/Lit UI/BackgroundNormal.psd
  artifactKey: Guid(50ab5eea3a58b4ddeb99f0388a1d77c5) Importer(815301076,1909f56bfc062723c751e8b465ee728b)
Start importing Assets/Imports/Unity UI Samples/Textures and Sprites/Lit UI/BackgroundNormal.psd using Guid(50ab5eea3a58b4ddeb99f0388a1d77c5) Importer(815301076,1909f56bfc062723c751e8b465ee728b)  -> (artifact id: '3eda40bc6e6f34a78cd88b43b00982f1') in 0.016151 seconds
Number of updated asset objects reloaded before import = 0
Number of asset objects unloaded after import = 2
========================================================================
Received Import Request.
  Time since last request: 0.000021 seconds.
  path: Assets/Imports/Unity UI Samples/Textures and Sprites/Decoration/DottedRoundedRect.psd
  artifactKey: Guid(2b4a1682166e4434e8ee7c6f47115b43) Importer(815301076,1909f56bfc062723c751e8b465ee728b)
Start importing Assets/Imports/Unity UI Samples/Textures and Sprites/Decoration/DottedRoundedRect.psd using Guid(2b4a1682166e4434e8ee7c6f47115b43) Importer(815301076,1909f56bfc062723c751e8b465ee728b)  -> (artifact id: '66d33146a73ba2684a6c4e1b442aca68') in 0.037630 seconds
Number of updated asset objects reloaded before import = 0
Number of asset objects unloaded after import = 3
========================================================================
Received Import Request.
  Time since last request: 0.000021 seconds.
  path: Assets/Imports/Plugins/ButtonSoundsEditor/Examples/button-shop-blue.png
  artifactKey: Guid(6fb50963b53fa6b4f9aebc86946371ef) Importer(815301076,1909f56bfc062723c751e8b465ee728b)
Start importing Assets/Imports/Plugins/ButtonSoundsEditor/Examples/button-shop-blue.png using Guid(6fb50963b53fa6b4f9aebc86946371ef) Importer(815301076,1909f56bfc062723c751e8b465ee728b)  -> (artifact id: '28e5008f1b360bd38172011329ba9251') in 0.014871 seconds
Number of updated asset objects reloaded before import = 0
Number of asset objects unloaded after import = 3
========================================================================
Received Import Request.
  Time since last request: 0.000024 seconds.
  path: Assets/Imports/Fonts/batman_forever/batmfo__ SDF.asset
  artifactKey: Guid(ac17ddca0f91fb24ba96ce6784c2b4d0) Importer(815301076,1909f56bfc062723c751e8b465ee728b)
Start importing Assets/Imports/Fonts/batman_forever/batmfo__ SDF.asset using Guid(ac17ddca0f91fb24ba96ce6784c2b4d0) Importer(815301076,1909f56bfc062723c751e8b465ee728b)  -> (artifact id: '77e1a5c34da4205c5439cb227b7275fa') in 0.094910 seconds
Number of updated asset objects reloaded before import = 0
Number of asset objects unloaded after import = 6
========================================================================
Received Import Request.
  Time since last request: 0.000026 seconds.
  path: Assets/Imports/FREE Skyboxes - Sci-Fi & Fantasy/SBS Sci-Fi & Fantasy 4/Small/Textures/Back_SBS Sci-Fi & Fantasy 4 Small.png
  artifactKey: Guid(d8f545ff10fe9f7428a257a35baeb30c) Importer(815301076,1909f56bfc062723c751e8b465ee728b)
Start importing Assets/Imports/FREE Skyboxes - Sci-Fi & Fantasy/SBS Sci-Fi & Fantasy 4/Small/Textures/Back_SBS Sci-Fi & Fantasy 4 Small.png using Guid(d8f545ff10fe9f7428a257a35baeb30c) Importer(815301076,1909f56bfc062723c751e8b465ee728b)  -> (artifact id: 'f71089e4b4783d0c4720225a6c6fba0e') in 0.033784 seconds
Number of updated asset objects reloaded before import = 0
Number of asset objects unloaded after import = 2
========================================================================
Received Import Request.
  Time since last request: 0.000034 seconds.
  path: Assets/Imports/FREE Skyboxes - Sci-Fi & Fantasy/SBS Sci-Fi & Fantasy 2/Small/Textures/Down_SBS Sci-Fi & Fantasy 2 Small.png
  artifactKey: Guid(ba39f9b166ec5694e85868f0603d68d3) Importer(815301076,1909f56bfc062723c751e8b465ee728b)
Start importing Assets/Imports/FREE Skyboxes - Sci-Fi & Fantasy/SBS Sci-Fi & Fantasy 2/Small/Textures/Down_SBS Sci-Fi & Fantasy 2 Small.png using Guid(ba39f9b166ec5694e85868f0603d68d3) Importer(815301076,1909f56bfc062723c751e8b465ee728b)  -> (artifact id: 'cb39ddb51b7074bdbc86e2805b341bfe') in 0.031793 seconds
Number of updated asset objects reloaded before import = 0
Number of asset objects unloaded after import = 2
========================================================================
Received Import Request.
  Time since last request: 0.000019 seconds.
  path: Assets/Imports/FREE Skyboxes - Sci-Fi & Fantasy/SBS Sci-Fi & Fantasy 1/Medium/Textures/Back_Sci-Fi & Fantasy 1 Medium.png
  artifactKey: Guid(ed94e38ee86f34c4589b11d84a3b2a95) Importer(815301076,1909f56bfc062723c751e8b465ee728b)
Start importing Assets/Imports/FREE Skyboxes - Sci-Fi & Fantasy/SBS Sci-Fi & Fantasy 1/Medium/Textures/Back_Sci-Fi & Fantasy 1 Medium.png using Guid(ed94e38ee86f34c4589b11d84a3b2a95) Importer(815301076,1909f56bfc062723c751e8b465ee728b)  -> (artifact id: '23fc8eabcf7821cd7f889e488eb96104') in 0.127241 seconds
Number of updated asset objects reloaded before import = 0
Number of asset objects unloaded after import = 2
========================================================================
Received Import Request.
  Time since last request: 0.000016 seconds.
  path: Assets/Imports/FREE Skyboxes - Sci-Fi & Fantasy/SBS Sci-Fi & Fantasy 5/Medium/Textures/Back_SBS Sci-Fi & Fantasy 5 Medium.png
  artifactKey: Guid(f92ef0592225fb140a7073692cbc5425) Importer(815301076,1909f56bfc062723c751e8b465ee728b)
Start importing Assets/Imports/FREE Skyboxes - Sci-Fi & Fantasy/SBS Sci-Fi & Fantasy 5/Medium/Textures/Back_SBS Sci-Fi & Fantasy 5 Medium.png using Guid(f92ef0592225fb140a7073692cbc5425) Importer(815301076,1909f56bfc062723c751e8b465ee728b)  -> (artifact id: 'af3f2536d82c6016cc153623d4eda829') in 0.030324 seconds
Number of updated asset objects reloaded before import = 0
Number of asset objects unloaded after import = 2
========================================================================
Received Import Request.
  Time since last request: 0.000016 seconds.
  path: Assets/Imports/Fonts/airstrike/airstrikechrome SDF.asset
  artifactKey: Guid(985367f9c0cff00498ca57d0184fc288) Importer(815301076,1909f56bfc062723c751e8b465ee728b)
Start importing Assets/Imports/Fonts/airstrike/airstrikechrome SDF.asset using Guid(985367f9c0cff00498ca57d0184fc288) Importer(815301076,1909f56bfc062723c751e8b465ee728b)  -> (artifact id: 'f5ec25244fc7209bd34a6ebc9dc3d0be') in 0.014547 seconds
Number of updated asset objects reloaded before import = 0
Number of asset objects unloaded after import = 6
========================================================================
Received Import Request.
  Time since last request: 0.000031 seconds.
  path: Assets/Imports/FREE Skyboxes - Sci-Fi & Fantasy/SBS Sci-Fi & Fantasy 2/Small/Textures/Back_SBS Sci-Fi & Fantasy 2 Small.png
  artifactKey: Guid(f79afa8bb42d24841b05701e210720f5) Importer(815301076,1909f56bfc062723c751e8b465ee728b)
Start importing Assets/Imports/FREE Skyboxes - Sci-Fi & Fantasy/SBS Sci-Fi & Fantasy 2/Small/Textures/Back_SBS Sci-Fi & Fantasy 2 Small.png using Guid(f79afa8bb42d24841b05701e210720f5) Importer(815301076,1909f56bfc062723c751e8b465ee728b)  -> (artifact id: '5591f43a63644700efe747159fdefd3f') in 0.011797 seconds
Number of updated asset objects reloaded before import = 0
Number of asset objects unloaded after import = 2
========================================================================
Received Import Request.
  Time since last request: 0.000052 seconds.
  path: Assets/Imports/FREE Skyboxes - Sci-Fi & Fantasy/SBS Sci-Fi & Fantasy 1/Small/Textures/Back_Sci-Fi & Fantasy 1 Small.png
  artifactKey: Guid(d067de6c658774b4da203031f5fd72bc) Importer(815301076,1909f56bfc062723c751e8b465ee728b)
Start importing Assets/Imports/FREE Skyboxes - Sci-Fi & Fantasy/SBS Sci-Fi & Fantasy 1/Small/Textures/Back_Sci-Fi & Fantasy 1 Small.png using Guid(d067de6c658774b4da203031f5fd72bc) Importer(815301076,1909f56bfc062723c751e8b465ee728b)  -> (artifact id: '302310c5a5e29ff273e52a401f03c87a') in 0.012508 seconds
Number of updated asset objects reloaded before import = 0
Number of asset objects unloaded after import = 2
========================================================================
Received Import Request.
  Time since last request: 0.000015 seconds.
  path: Assets/Imports/Plugins/ButtonSoundsEditor/Examples/button-control-gray.png
  artifactKey: Guid(6aeaab7ba5572514c8f28c6c606e299a) Importer(815301076,1909f56bfc062723c751e8b465ee728b)
Start importing Assets/Imports/Plugins/ButtonSoundsEditor/Examples/button-control-gray.png using Guid(6aeaab7ba5572514c8f28c6c606e299a) Importer(815301076,1909f56bfc062723c751e8b465ee728b)  -> (artifact id: '869975b88969b4641f8167ae058a53db') in 0.009758 seconds
Number of updated asset objects reloaded before import = 0
Number of asset objects unloaded after import = 3
========================================================================
Received Import Request.
  Time since last request: 0.000017 seconds.
  path: Assets/Imports/Unity UI Samples/Textures and Sprites/Lit UI/DiagonalStripes.psd
  artifactKey: Guid(30db500b226a8014e82f9e1e39a78e15) Importer(815301076,1909f56bfc062723c751e8b465ee728b)
Start importing Assets/Imports/Unity UI Samples/Textures and Sprites/Lit UI/DiagonalStripes.psd using Guid(30db500b226a8014e82f9e1e39a78e15) Importer(815301076,1909f56bfc062723c751e8b465ee728b)  -> (artifact id: '6a3decc204be5f4fe1d44f89cbc2a60b') in 0.004425 seconds
Number of updated asset objects reloaded before import = 0
Number of asset objects unloaded after import = 2
========================================================================
Received Import Request.
  Time since last request: 0.000013 seconds.
  path: Assets/Imports/FREE Skyboxes - Sci-Fi & Fantasy/SBS Sci-Fi & Fantasy 5/Small/Textures/Back_SBS Sci-Fi & Fantasy 5 Small.png
  artifactKey: Guid(9a99298b7dabc2f419634afc943aa76f) Importer(815301076,1909f56bfc062723c751e8b465ee728b)
Start importing Assets/Imports/FREE Skyboxes - Sci-Fi & Fantasy/SBS Sci-Fi & Fantasy 5/Small/Textures/Back_SBS Sci-Fi & Fantasy 5 Small.png using Guid(9a99298b7dabc2f419634afc943aa76f) Importer(815301076,1909f56bfc062723c751e8b465ee728b)  -> (artifact id: 'cf8a9ac8c5c01f9d0c78de3ec5d1439e') in 0.015556 seconds
Number of updated asset objects reloaded before import = 0
Number of asset objects unloaded after import = 2
========================================================================
Received Import Request.
  Time since last request: 0.000075 seconds.
  path: Assets/Imports/Plugins/ButtonSoundsEditor/Examples/b_off.png
  artifactKey: Guid(bc3ef02b8a6919f409ab4132ed4ecb61) Importer(815301076,1909f56bfc062723c751e8b465ee728b)
Start importing Assets/Imports/Plugins/ButtonSoundsEditor/Examples/b_off.png using Guid(bc3ef02b8a6919f409ab4132ed4ecb61) Importer(815301076,1909f56bfc062723c751e8b465ee728b)  -> (artifact id: '71995f5cad9ecf41eb3f9be55d83662a') in 0.012840 seconds
Number of updated asset objects reloaded before import = 0
Number of asset objects unloaded after import = 3
========================================================================
Received Import Request.
  Time since last request: 0.000018 seconds.
  path: Assets/Imports/Plugins/ButtonSoundsEditor/Examples/button-settings-gray.png
  artifactKey: Guid(10f263eb2b339b94889f1ff23948d6e8) Importer(815301076,1909f56bfc062723c751e8b465ee728b)
Start importing Assets/Imports/Plugins/ButtonSoundsEditor/Examples/button-settings-gray.png using Guid(10f263eb2b339b94889f1ff23948d6e8) Importer(815301076,1909f56bfc062723c751e8b465ee728b)  -> (artifact id: '19f85bdba15a287124ea1905e6138221') in 0.011148 seconds
Number of updated asset objects reloaded before import = 0
Number of asset objects unloaded after import = 3
========================================================================
Received Import Request.
  Time since last request: 0.000013 seconds.
  path: Assets/Imports/FREE Skyboxes - Sci-Fi & Fantasy/SBS Sci-Fi & Fantasy 2/Large/Textures/Back_SBS Sci-Fi & Fantasy 2 Large.png
  artifactKey: Guid(f7e9444ab15113541aedf5092ba379d8) Importer(815301076,1909f56bfc062723c751e8b465ee728b)
Start importing Assets/Imports/FREE Skyboxes - Sci-Fi & Fantasy/SBS Sci-Fi & Fantasy 2/Large/Textures/Back_SBS Sci-Fi & Fantasy 2 Large.png using Guid(f7e9444ab15113541aedf5092ba379d8) Importer(815301076,1909f56bfc062723c751e8b465ee728b)  -> (artifact id: '153c463e7e6639072f0d4810d6a819d9') in 0.225707 seconds
Number of updated asset objects reloaded before import = 0
Number of asset objects unloaded after import = 2
========================================================================
Received Import Request.
  Time since last request: 0.000029 seconds.
  path: Assets/Imports/FREE Skyboxes - Sci-Fi & Fantasy/SBS Sci-Fi & Fantasy 3/Large/Textures/Down_SBS Sci-Fi & Fantasy 3 Large.png
  artifactKey: Guid(2eb9c298c3d4f7448aeb288898cbe2a8) Importer(815301076,1909f56bfc062723c751e8b465ee728b)
Start importing Assets/Imports/FREE Skyboxes - Sci-Fi & Fantasy/SBS Sci-Fi & Fantasy 3/Large/Textures/Down_SBS Sci-Fi & Fantasy 3 Large.png using Guid(2eb9c298c3d4f7448aeb288898cbe2a8) Importer(815301076,1909f56bfc062723c751e8b465ee728b)  -> (artifact id: '400b9485234498023a60c399aa586d5b') in 0.111367 seconds
Number of updated asset objects reloaded before import = 0
Number of asset objects unloaded after import = 2
========================================================================
Received Import Request.
  Time since last request: 0.000037 seconds.
  path: Assets/Imports/Fonts/BTTF SDF.asset
  artifactKey: Guid(14375060324a00841b9a4d5e2765a831) Importer(815301076,1909f56bfc062723c751e8b465ee728b)
Start importing Assets/Imports/Fonts/BTTF SDF.asset using Guid(14375060324a00841b9a4d5e2765a831) Importer(815301076,1909f56bfc062723c751e8b465ee728b)  -> (artifact id: '78b3617d508a3d9cd1d349de35ee5696') in 0.016885 seconds
Number of updated asset objects reloaded before import = 0
Number of asset objects unloaded after import = 6
========================================================================
Received Import Request.
  Time since last request: 0.000015 seconds.
  path: Assets/Imports/Plugins/ButtonSoundsEditor/Examples/button-tweet-gray.png
  artifactKey: Guid(604e01d52a28c374aa6590a92e0f7b06) Importer(815301076,1909f56bfc062723c751e8b465ee728b)
Start importing Assets/Imports/Plugins/ButtonSoundsEditor/Examples/button-tweet-gray.png using Guid(604e01d52a28c374aa6590a92e0f7b06) Importer(815301076,1909f56bfc062723c751e8b465ee728b)  -> (artifact id: '6166ab1eec1ba2f36633fc054b7c03ec') in 0.009743 seconds
Number of updated asset objects reloaded before import = 0
Number of asset objects unloaded after import = 3
========================================================================
Received Import Request.
  Time since last request: 0.000016 seconds.
  path: Assets/Imports/FREE Skyboxes - Sci-Fi & Fantasy/SBS Sci-Fi & Fantasy 2/Medium/Textures/Down_SBS Sci-Fi & Fantasy 2 Medium.png
  artifactKey: Guid(e2a6c56bd82c5174a8265c11ac97d788) Importer(815301076,1909f56bfc062723c751e8b465ee728b)
Start importing Assets/Imports/FREE Skyboxes - Sci-Fi & Fantasy/SBS Sci-Fi & Fantasy 2/Medium/Textures/Down_SBS Sci-Fi & Fantasy 2 Medium.png using Guid(e2a6c56bd82c5174a8265c11ac97d788) Importer(815301076,1909f56bfc062723c751e8b465ee728b)  -> (artifact id: '951bff2d27311086f4074ae31f8fa538') in 0.058057 seconds
Number of updated asset objects reloaded before import = 0
Number of asset objects unloaded after import = 2
========================================================================
Received Import Request.
  Time since last request: 0.000019 seconds.
  path: Assets/Imports/FREE Skyboxes - Sci-Fi & Fantasy/SBS Sci-Fi & Fantasy 3/Medium/Textures/Back_SBS Sci-Fi & Fantasy 3 Medium.png
  artifactKey: Guid(029907ca965bcab4b86567c09807baaa) Importer(815301076,1909f56bfc062723c751e8b465ee728b)
Start importing Assets/Imports/FREE Skyboxes - Sci-Fi & Fantasy/SBS Sci-Fi & Fantasy 3/Medium/Textures/Back_SBS Sci-Fi & Fantasy 3 Medium.png using Guid(029907ca965bcab4b86567c09807baaa) Importer(815301076,1909f56bfc062723c751e8b465ee728b)  -> (artifact id: '794b5c4be7847cee1b0fb1ddb841b3aa') in 0.042442 seconds
Number of updated asset objects reloaded before import = 0
Number of asset objects unloaded after import = 2
Editor requested this worker to shutdown with reason: Scaling down because of idle timeout
TcpMessagingSession - receive error: operation aborted. errorcode: 995, details: The I/O operation has been aborted because of either a thread exit or an application request.
AssetImportWorker is now disconnected from the server
Process exiting
Exiting without the bug reporter. Application will terminate with return code 0