Using pre-set license
Built from '2022.3/staging' branch; Version is '2022.3.2f1 (d74737c6db50) revision 14108471'; Using compiler version '192829333'; Build Type 'Release'
OS: 'Windows 11  (10.0.22621) 64bit Core' Language: 'en' Physical Memory: 16163 MB
BatchMode: 1, IsHumanControllingUs: 0, StartBugReporterOnCrash: 0, Is64bit: 1, IsPro: 1

COMMAND LINE ARGUMENTS:
C:\Program Files\Unity\Hub\Editor\2022.3.2f1\Editor\Unity.exe
-adb2
-batchMode
-noUpm
-name
AssetImportWorker3
-projectPath
C:/Users/derie/Documents/Unity Projects/PortfolioProjects/SpaceBattle
-logFile
Logs/AssetImportWorker3.log
-srvPort
49865
Successfully changed project path to: C:/Users/derie/Documents/Unity Projects/PortfolioProjects/SpaceBattle
C:/Users/derie/Documents/Unity Projects/PortfolioProjects/SpaceBattle
[UnityMemory] Configuration Parameters - Can be set up in boot.config
    "memorysetup-bucket-allocator-granularity=16"
    "memorysetup-bucket-allocator-bucket-count=8"
    "memorysetup-bucket-allocator-block-size=33554432"
    "memorysetup-bucket-allocator-block-count=8"
    "memorysetup-main-allocator-block-size=16777216"
    "memorysetup-thread-allocator-block-size=16777216"
    "memorysetup-gfx-main-allocator-block-size=16777216"
    "memorysetup-gfx-thread-allocator-block-size=16777216"
    "memorysetup-cache-allocator-block-size=4194304"
    "memorysetup-typetree-allocator-block-size=2097152"
    "memorysetup-profiler-bucket-allocator-granularity=16"
    "memorysetup-profiler-bucket-allocator-bucket-count=8"
    "memorysetup-profiler-bucket-allocator-block-size=33554432"
    "memorysetup-profiler-bucket-allocator-block-count=8"
    "memorysetup-profiler-allocator-block-size=16777216"
    "memorysetup-profiler-editor-allocator-block-size=1048576"
    "memorysetup-temp-allocator-size-main=16777216"
    "memorysetup-job-temp-allocator-block-size=2097152"
    "memorysetup-job-temp-allocator-block-size-background=1048576"
    "memorysetup-job-temp-allocator-reduction-small-platforms=262144"
    "memorysetup-allocator-temp-initial-block-size-main=262144"
    "memorysetup-allocator-temp-initial-block-size-worker=262144"
    "memorysetup-temp-allocator-size-background-worker=32768"
    "memorysetup-temp-allocator-size-job-worker=262144"
    "memorysetup-temp-allocator-size-preload-manager=33554432"
    "memorysetup-temp-allocator-size-nav-mesh-worker=65536"
    "memorysetup-temp-allocator-size-audio-worker=65536"
    "memorysetup-temp-allocator-size-cloud-worker=32768"
    "memorysetup-temp-allocator-size-gi-baking-worker=262144"
    "memorysetup-temp-allocator-size-gfx=262144"
Player connection [31152] Host "[IP] 192.168.1.224 [Port] 0 [Flags] 2 [Guid] 383312000 [EditorId] 383312000 [Version] 1048832 [Id] WindowsEditor(7,Predator) [Debug] 1 [PackageName] WindowsEditor [ProjectName] Editor" joined multi-casting on [225.0.0.222:54997]...

Player connection [31152] Host "[IP] 192.168.1.224 [Port] 0 [Flags] 2 [Guid] 383312000 [EditorId] 383312000 [Version] 1048832 [Id] WindowsEditor(7,Predator) [Debug] 1 [PackageName] WindowsEditor [ProjectName] Editor" joined alternative multi-casting on [225.0.0.222:34997]...

Refreshing native plugins compatible for Editor in 10.48 ms, found 3 plugins.
Preloading 0 native plugins for Editor in 0.00 ms.
Initialize engine version: 2022.3.2f1 (d74737c6db50)
[Subsystems] Discovering subsystems at path C:/Program Files/Unity/Hub/Editor/2022.3.2f1/Editor/Data/Resources/UnitySubsystems
[Subsystems] Discovering subsystems at path C:/Users/derie/Documents/Unity Projects/PortfolioProjects/SpaceBattle/Assets
GfxDevice: creating device client; threaded=0; jobified=0
Direct3D:
    Version:  Direct3D 11.0 [level 11.1]
    Renderer: NVIDIA GeForce RTX 3070 Laptop GPU (ID=0x249d)
    Vendor:   NVIDIA
    VRAM:     8033 MB
    Driver:   31.0.15.3699
Initialize mono
Mono path[0] = 'C:/Program Files/Unity/Hub/Editor/2022.3.2f1/Editor/Data/Managed'
Mono path[1] = 'C:/Program Files/Unity/Hub/Editor/2022.3.2f1/Editor/Data/MonoBleedingEdge/lib/mono/unityjit-win32'
Mono config path = 'C:/Program Files/Unity/Hub/Editor/2022.3.2f1/Editor/Data/MonoBleedingEdge/etc'
Using monoOptions --debugger-agent=transport=dt_socket,embedding=1,server=y,suspend=n,address=127.0.0.1:56416
Begin MonoManager ReloadAssembly
Registering precompiled unity dll's ...
Register platform support module: C:/Program Files/Unity/Hub/Editor/2022.3.2f1/Editor/Data/PlaybackEngines/WebGLSupport/UnityEditor.WebGL.Extensions.dll
Register platform support module: C:/Program Files/Unity/Hub/Editor/2022.3.2f1/Editor/Data/PlaybackEngines/AndroidPlayer/UnityEditor.Android.Extensions.dll
Register platform support module: C:/Program Files/Unity/Hub/Editor/2022.3.2f1/Editor/Data/PlaybackEngines/iOSSupport/UnityEditor.iOS.Extensions.dll
Register platform support module: C:/Program Files/Unity/Hub/Editor/2022.3.2f1/Editor/Data/PlaybackEngines/WindowsStandaloneSupport/UnityEditor.WindowsStandalone.Extensions.dll
Registered in 0.009840 seconds.
- Loaded All Assemblies, in  0.383 seconds
Native extension for WindowsStandalone target not found
[usbmuxd] Start listen thread
[usbmuxd] Listen thread started
Native extension for iOS target not found
Native extension for Android target not found
Win32Exception: The operation completed successfully.
  at System.Diagnostics.Process.Kill () [0x00018] in <1726b8fb30b6494e8753e45adcf8a07b>:0 
  at (wrapper remoting-invoke-with-check) System.Diagnostics.Process.Kill()
  at UnityEditor.Android.AndroidDeploymentTargetsExtension.GetKnownTargets (UnityEditor.DeploymentTargets.IDeploymentTargetsMainThreadContext context, UnityEditor.ProgressHandler progressHandler) [0x0014a] in <476ef08ce6bf48598d2df8af8530034d>:0 
  at UnityEditor.Android.TargetScanWorker.ScanSync () [0x00039] in <476ef08ce6bf48598d2df8af8530034d>:0 
  at UnityEditor.Android.TargetExtension.OnUsbDevicesChanged (UnityEditor.Hardware.UsbDevice[] usbDevices) [0x00081] in <476ef08ce6bf48598d2df8af8530034d>:0 
  at UnityEditor.Android.TargetExtension.OnLoad () [0x000ad] in <476ef08ce6bf48598d2df8af8530034d>:0 
  at UnityEditor.Modules.ModuleManager.InitializePlatformSupportModules () [0x0009d] in <ac87b54e58ee4be198261fd5c8030d52>:0 

Mono: successfully reloaded assembly
- Finished resetting the current domain, in  0.665 seconds
Domain Reload Profiling: 1047ms
	BeginReloadAssembly (97ms)
		ExecutionOrderSort (0ms)
		DisableScriptedObjects (0ms)
		BackupInstance (0ms)
		ReleaseScriptingObjects (0ms)
		CreateAndSetChildDomain (1ms)
	RebuildCommonClasses (38ms)
	RebuildNativeTypeToScriptingClass (9ms)
	initialDomainReloadingComplete (66ms)
	LoadAllAssembliesAndSetupDomain (172ms)
		LoadAssemblies (96ms)
		RebuildTransferFunctionScriptingTraits (0ms)
		AnalyzeDomain (165ms)
			TypeCache.Refresh (163ms)
				TypeCache.ScanAssembly (147ms)
			ScanForSourceGeneratedMonoScriptInfo (0ms)
			ResolveRequiredComponents (1ms)
	FinalizeReload (665ms)
		ReleaseScriptCaches (0ms)
		RebuildScriptCaches (0ms)
		SetupLoadedEditorAssemblies (602ms)
			LogAssemblyErrors (0ms)
			InitializePlatformSupportModulesInManaged (436ms)
			SetLoadedEditorAssemblies (5ms)
			RefreshPlugins (0ms)
			BeforeProcessingInitializeOnLoad (3ms)
			ProcessInitializeOnLoadAttributes (110ms)
			ProcessInitializeOnLoadMethodAttributes (49ms)
			AfterProcessingInitializeOnLoad (0ms)
			EditorAssembliesLoaded (0ms)
		ExecutionOrderSort2 (0ms)
		AwakeInstancesAfterBackupRestoration (0ms)
========================================================================
Worker process is ready to serve import requests
Begin MonoManager ReloadAssembly
Symbol file LoadedFromMemory doesn't match image C:\Users\derie\Documents\Unity Projects\PortfolioProjects\SpaceBattle\Library\PackageCache\com.unity.visualscripting@1.8.0\Editor\VisualScripting.Core\Dependencies\YamlDotNet\Unity.VisualScripting.YamlDotNet.dll
Symbol file LoadedFromMemory doesn't match image C:\Users\derie\Documents\Unity Projects\PortfolioProjects\SpaceBattle\Library\PackageCache\com.unity.visualscripting@1.8.0\Editor\VisualScripting.Core\Dependencies\DotNetZip\Unity.VisualScripting.IonicZip.dll
- Loaded All Assemblies, in  0.952 seconds
Refreshing native plugins compatible for Editor in 5.58 ms, found 3 plugins.
Native extension for WindowsStandalone target not found
Native extension for iOS target not found
Native extension for Android target not found
Native extension for WebGL target not found
Mono: successfully reloaded assembly
- Finished resetting the current domain, in  0.608 seconds
Domain Reload Profiling: 1559ms
	BeginReloadAssembly (128ms)
		ExecutionOrderSort (0ms)
		DisableScriptedObjects (5ms)
		BackupInstance (0ms)
		ReleaseScriptingObjects (0ms)
		CreateAndSetChildDomain (25ms)
	RebuildCommonClasses (31ms)
	RebuildNativeTypeToScriptingClass (9ms)
	initialDomainReloadingComplete (38ms)
	LoadAllAssembliesAndSetupDomain (745ms)
		LoadAssemblies (442ms)
		RebuildTransferFunctionScriptingTraits (0ms)
		AnalyzeDomain (354ms)
			TypeCache.Refresh (336ms)
				TypeCache.ScanAssembly (318ms)
			ScanForSourceGeneratedMonoScriptInfo (15ms)
			ResolveRequiredComponents (3ms)
	FinalizeReload (608ms)
		ReleaseScriptCaches (0ms)
		RebuildScriptCaches (0ms)
		SetupLoadedEditorAssemblies (414ms)
			LogAssemblyErrors (0ms)
			InitializePlatformSupportModulesInManaged (73ms)
			SetLoadedEditorAssemblies (5ms)
			RefreshPlugins (0ms)
			BeforeProcessingInitializeOnLoad (58ms)
			ProcessInitializeOnLoadAttributes (250ms)
			ProcessInitializeOnLoadMethodAttributes (22ms)
			AfterProcessingInitializeOnLoad (6ms)
			EditorAssembliesLoaded (0ms)
		ExecutionOrderSort2 (0ms)
		AwakeInstancesAfterBackupRestoration (8ms)
Launched and connected shader compiler UnityShaderCompiler.exe after 0.08 seconds
Refreshing native plugins compatible for Editor in 4.05 ms, found 3 plugins.
Preloading 0 native plugins for Editor in 0.00 ms.
Unloading 3069 Unused Serialized files (Serialized files now loaded: 0)
Unloading 31 unused Assets / (56.2 KB). Loaded Objects now: 3539.
Memory consumption went from 121.8 MB to 121.7 MB.
Total: 5.538000 ms (FindLiveObjects: 0.604100 ms CreateObjectMapping: 0.276800 ms MarkObjects: 4.209900 ms  DeleteObjects: 0.444200 ms)

AssetImportParameters requested are different than current active one (requested -> active):
  custom:container-demuxer-ogg: 62fdf1f143b41e24485cea50d1cbac27 -> 
  custom:video-decoder-ogg-theora: a1e56fd34408186e4bbccfd4996cb3dc -> 
  custom:framework-win-MediaFoundation: 216162199b28c13a410421893ffa2e32 -> 
  custom:container-demuxer-webm: 4f35f7cbe854078d1ac9338744f61a02 -> 
  custom:container-muxer-webm: aa71ff27fc2769a1b78a27578f13a17b -> 
  custom:video-decoder-webm-vp8: 9c59270c3fd7afecdb556c50c9e8de78 -> 
  custom:AudioImporter_EditorPlatform: d09bf68614088b80899f8185d706f6e7 -> 
  custom:video-encoder-webm-vp8: eb34c28f22e8b96e1ab97ce403110664 -> 
  custom:audio-decoder-ogg-vorbis: bf7c407c2cedff20999df2af8eb42d56 -> 
  custom:audio-encoder-webm-vorbis: bf7c407c2cedff20999df2af8eb42d56 -> 
========================================================================
Received Import Request.
  Time since last request: 16651.254301 seconds.
  path: Assets/SpaceshooterParallax/Textures/png/parallax 3/png 2/wave.png
  artifactKey: Guid(66a0cc55a846b664a9333c81276ecfff) Importer(2089858483,0ecaa5967403d082aa24f35e1b516d23)
Start importing Assets/SpaceshooterParallax/Textures/png/parallax 3/png 2/wave.png using Guid(66a0cc55a846b664a9333c81276ecfff) Importer(2089858483,0ecaa5967403d082aa24f35e1b516d23) Generated GUIDs only implemented for interfaces!
 -> (artifact id: 'd50c1dc05034313234c0961c9dbaaa0b') in 0.152096 seconds
Number of updated asset objects reloaded before import = 0
Number of asset objects unloaded after import = 3
========================================================================
Received Import Request.
  Time since last request: 0.000021 seconds.
  path: Assets/SpaceshooterParallax/Textures/png/parallax 2/parallax png/earth.png
  artifactKey: Guid(f8346bad9358d0240861a0060581129c) Importer(2089858483,0ecaa5967403d082aa24f35e1b516d23)
Start importing Assets/SpaceshooterParallax/Textures/png/parallax 2/parallax png/earth.png using Guid(f8346bad9358d0240861a0060581129c) Importer(2089858483,0ecaa5967403d082aa24f35e1b516d23) Generated GUIDs only implemented for interfaces!
 -> (artifact id: 'd801dc325a5ec1715c59c0266cd86c30') in 0.024233 seconds
Number of updated asset objects reloaded before import = 0
Number of asset objects unloaded after import = 3
========================================================================
Received Import Request.
  Time since last request: 0.000026 seconds.
  path: Assets/SpaceshooterParallax/Textures/png/parallax 2/parallax png/planet.png
  artifactKey: Guid(727baee3ad6df6b4db532c4511108c85) Importer(2089858483,0ecaa5967403d082aa24f35e1b516d23)
Start importing Assets/SpaceshooterParallax/Textures/png/parallax 2/parallax png/planet.png using Guid(727baee3ad6df6b4db532c4511108c85) Importer(2089858483,0ecaa5967403d082aa24f35e1b516d23) Generated GUIDs only implemented for interfaces!
 -> (artifact id: '38727ebb5f60e98e197829501420d9d5') in 0.022558 seconds
Number of updated asset objects reloaded before import = 0
Number of asset objects unloaded after import = 3
========================================================================
Received Import Request.
  Time since last request: 0.000019 seconds.
  path: Assets/SpaceshooterParallax/Textures/png/parallax 1/png 2/moon.png
  artifactKey: Guid(569836083076b0a4281a7b9039707e7a) Importer(2089858483,0ecaa5967403d082aa24f35e1b516d23)
Start importing Assets/SpaceshooterParallax/Textures/png/parallax 1/png 2/moon.png using Guid(569836083076b0a4281a7b9039707e7a) Importer(2089858483,0ecaa5967403d082aa24f35e1b516d23) Generated GUIDs only implemented for interfaces!
 -> (artifact id: 'b0d29447ff791e43a013a42fa0c5c612') in 0.023728 seconds
Number of updated asset objects reloaded before import = 0
Number of asset objects unloaded after import = 3
========================================================================
Received Import Request.
  Time since last request: 0.000029 seconds.
  path: Assets/SpaceshooterParallax/Prefabs/03/Background (1).prefab
  artifactKey: Guid(0b244f30aaf9dc2438090eb62ed9acdf) Importer(2089858483,0ecaa5967403d082aa24f35e1b516d23)
Start importing Assets/SpaceshooterParallax/Prefabs/03/Background (1).prefab using Guid(0b244f30aaf9dc2438090eb62ed9acdf) Importer(2089858483,0ecaa5967403d082aa24f35e1b516d23) Generated GUIDs only implemented for interfaces!
 -> (artifact id: '427328da373b0c6358e64e7b31f8092a') in 0.021245 seconds
Number of updated asset objects reloaded before import = 0
Number of asset objects unloaded after import = 55
========================================================================
Received Import Request.
  Time since last request: 0.000032 seconds.
  path: Assets/SpaceshooterParallax/Textures/png/parallax 2/png 2/planet.png
  artifactKey: Guid(5697fb9e5b5e38a46a073bd1767f1cd1) Importer(2089858483,0ecaa5967403d082aa24f35e1b516d23)
Start importing Assets/SpaceshooterParallax/Textures/png/parallax 2/png 2/planet.png using Guid(5697fb9e5b5e38a46a073bd1767f1cd1) Importer(2089858483,0ecaa5967403d082aa24f35e1b516d23) Generated GUIDs only implemented for interfaces!
 -> (artifact id: 'a7d9285d22168b808539cadb3ce5dd25') in 0.020035 seconds
Number of updated asset objects reloaded before import = 0
Number of asset objects unloaded after import = 3
========================================================================
Received Import Request.
  Time since last request: 0.000023 seconds.
  path: Assets/FREE Skyboxes - Sci-Fi & Fantasy/SBS Sci-Fi & Fantasy 3/Small/Textures/Left_SBS Sci-Fi & Fantasy 3 Small.png
  artifactKey: Guid(d2095a6d01b4a274781568ef3bc4b924) Importer(2089858483,0ecaa5967403d082aa24f35e1b516d23)
Start importing Assets/FREE Skyboxes - Sci-Fi & Fantasy/SBS Sci-Fi & Fantasy 3/Small/Textures/Left_SBS Sci-Fi & Fantasy 3 Small.png using Guid(d2095a6d01b4a274781568ef3bc4b924) Importer(2089858483,0ecaa5967403d082aa24f35e1b516d23) Generated GUIDs only implemented for interfaces!
 -> (artifact id: '10d90277f7111860327c4966b8817507') in 0.032496 seconds
Number of updated asset objects reloaded before import = 0
Number of asset objects unloaded after import = 1
========================================================================
Received Import Request.
  Time since last request: 0.000025 seconds.
  path: Assets/FREE Skyboxes - Sci-Fi & Fantasy/SBS Sci-Fi & Fantasy 5/Medium/Textures/Back_SBS Sci-Fi & Fantasy 5 Medium.png
  artifactKey: Guid(f92ef0592225fb140a7073692cbc5425) Importer(2089858483,0ecaa5967403d082aa24f35e1b516d23)
Start importing Assets/FREE Skyboxes - Sci-Fi & Fantasy/SBS Sci-Fi & Fantasy 5/Medium/Textures/Back_SBS Sci-Fi & Fantasy 5 Medium.png using Guid(f92ef0592225fb140a7073692cbc5425) Importer(2089858483,0ecaa5967403d082aa24f35e1b516d23) Generated GUIDs only implemented for interfaces!
 -> (artifact id: '5998f09764f5fdd2749404a014b5d3b2') in 0.071325 seconds
Number of updated asset objects reloaded before import = 0
Number of asset objects unloaded after import = 1
========================================================================
Received Import Request.
  Time since last request: 0.000041 seconds.
  path: Assets/FREE Skyboxes - Sci-Fi & Fantasy/SBS Sci-Fi & Fantasy 2/Medium/Textures/Down_SBS Sci-Fi & Fantasy 2 Medium.png
  artifactKey: Guid(e2a6c56bd82c5174a8265c11ac97d788) Importer(2089858483,0ecaa5967403d082aa24f35e1b516d23)
Start importing Assets/FREE Skyboxes - Sci-Fi & Fantasy/SBS Sci-Fi & Fantasy 2/Medium/Textures/Down_SBS Sci-Fi & Fantasy 2 Medium.png using Guid(e2a6c56bd82c5174a8265c11ac97d788) Importer(2089858483,0ecaa5967403d082aa24f35e1b516d23) Generated GUIDs only implemented for interfaces!
 -> (artifact id: 'e91bee0268b87fcccdea13d0a84ebee2') in 0.094220 seconds
Number of updated asset objects reloaded before import = 0
Number of asset objects unloaded after import = 1
========================================================================
Received Import Request.
  Time since last request: 0.000026 seconds.
  path: Assets/2DSpaceshipsFreeTrial/Prefabs/2DShipsStandardWeapons/TopView/Turrets/2DShipsTurretMediumTopView.prefab
  artifactKey: Guid(e6878d683b09ddc4a9f572d20e5e6cf9) Importer(2089858483,0ecaa5967403d082aa24f35e1b516d23)
Start importing Assets/2DSpaceshipsFreeTrial/Prefabs/2DShipsStandardWeapons/TopView/Turrets/2DShipsTurretMediumTopView.prefab using Guid(e6878d683b09ddc4a9f572d20e5e6cf9) Importer(2089858483,0ecaa5967403d082aa24f35e1b516d23) Generated GUIDs only implemented for interfaces!
 -> (artifact id: 'c27c33f98caed041e897a440455cf6e8') in 0.014461 seconds
Number of updated asset objects reloaded before import = 0
Number of asset objects unloaded after import = 7
========================================================================
Received Import Request.
  Time since last request: 0.000046 seconds.
  path: Assets/2DSpaceshipsFreeTrial/Prefabs/2DSpaceshipsFreeTrialTopView/2DScifiFighterExcaliburTopViewMasterPrefab.prefab
  artifactKey: Guid(ceb2e69d6fcbbcf4eb36a02462f60ce6) Importer(2089858483,0ecaa5967403d082aa24f35e1b516d23)
Start importing Assets/2DSpaceshipsFreeTrial/Prefabs/2DSpaceshipsFreeTrialTopView/2DScifiFighterExcaliburTopViewMasterPrefab.prefab using Guid(ceb2e69d6fcbbcf4eb36a02462f60ce6) Importer(2089858483,0ecaa5967403d082aa24f35e1b516d23) Generated GUIDs only implemented for interfaces!
 -> (artifact id: 'f516c637545973936e4f33b5f35a99d6') in 0.061418 seconds
Number of updated asset objects reloaded before import = 0
Number of asset objects unloaded after import = 67
========================================================================
Received Import Request.
  Time since last request: 0.000032 seconds.
  path: Assets/SpaceshooterParallax/Textures/png/parallax 4/png/stars.png
  artifactKey: Guid(9b588d0ab91262e43870bb7ab4dc664d) Importer(2089858483,0ecaa5967403d082aa24f35e1b516d23)
Start importing Assets/SpaceshooterParallax/Textures/png/parallax 4/png/stars.png using Guid(9b588d0ab91262e43870bb7ab4dc664d) Importer(2089858483,0ecaa5967403d082aa24f35e1b516d23) Generated GUIDs only implemented for interfaces!
 -> (artifact id: '89a4eb3d822ca4459651ecf9281a884d') in 0.023018 seconds
Number of updated asset objects reloaded before import = 0
Number of asset objects unloaded after import = 3
========================================================================
Received Import Request.
  Time since last request: 0.000022 seconds.
  path: Assets/2DSpaceshipsFreeTrial/Prefabs/2DShipsStandardWeapons/SideView/Turrets/Right/2DShipsLargeTurretSideViewRight.prefab
  artifactKey: Guid(769ef0942fa83f54ea19a925d683f150) Importer(2089858483,0ecaa5967403d082aa24f35e1b516d23)
Start importing Assets/2DSpaceshipsFreeTrial/Prefabs/2DShipsStandardWeapons/SideView/Turrets/Right/2DShipsLargeTurretSideViewRight.prefab using Guid(769ef0942fa83f54ea19a925d683f150) Importer(2089858483,0ecaa5967403d082aa24f35e1b516d23) Generated GUIDs only implemented for interfaces!
 -> (artifact id: 'd9eb719f9a69ac2077214d4db1e22130') in 0.011612 seconds
Number of updated asset objects reloaded before import = 0
Number of asset objects unloaded after import = 11
========================================================================
Received Import Request.
  Time since last request: 0.000023 seconds.
  path: Assets/2DSpaceshipsFreeTrial/Prefabs/2DShipsStandardWeapons/SideView/Turrets/Right/2DShipsSmallTurretSideViewRight.prefab
  artifactKey: Guid(59afc7c200c74c84cb5bc00e21ca76ad) Importer(2089858483,0ecaa5967403d082aa24f35e1b516d23)
Start importing Assets/2DSpaceshipsFreeTrial/Prefabs/2DShipsStandardWeapons/SideView/Turrets/Right/2DShipsSmallTurretSideViewRight.prefab using Guid(59afc7c200c74c84cb5bc00e21ca76ad) Importer(2089858483,0ecaa5967403d082aa24f35e1b516d23) Generated GUIDs only implemented for interfaces!
 -> (artifact id: 'e7fd055e3d983e4eac89a127b5226bd9') in 0.011907 seconds
Number of updated asset objects reloaded before import = 0
Number of asset objects unloaded after import = 11
========================================================================
Received Import Request.
  Time since last request: 0.000050 seconds.
  path: Assets/SpaceshooterParallax/Textures/png/parallax 4/parallax png/asteroids.png
  artifactKey: Guid(3192ac40b43297242a19a739cdca6ab2) Importer(2089858483,0ecaa5967403d082aa24f35e1b516d23)
Start importing Assets/SpaceshooterParallax/Textures/png/parallax 4/parallax png/asteroids.png using Guid(3192ac40b43297242a19a739cdca6ab2) Importer(2089858483,0ecaa5967403d082aa24f35e1b516d23) Generated GUIDs only implemented for interfaces!
 -> (artifact id: '6014c965d7aaf965b643b5904fd4fc09') in 0.019670 seconds
Number of updated asset objects reloaded before import = 0
Number of asset objects unloaded after import = 3
========================================================================
Received Import Request.
  Time since last request: 0.000024 seconds.
  path: Assets/2DSpaceshipsFreeTrial/Textures/2DShipsStandardWeapons/2DShipsStandardWeaponsPSDSourcefiles.rar
  artifactKey: Guid(4d5099f2413b2ca42860da409bf910b8) Importer(2089858483,0ecaa5967403d082aa24f35e1b516d23)
Start importing Assets/2DSpaceshipsFreeTrial/Textures/2DShipsStandardWeapons/2DShipsStandardWeaponsPSDSourcefiles.rar using Guid(4d5099f2413b2ca42860da409bf910b8) Importer(2089858483,0ecaa5967403d082aa24f35e1b516d23) Generated GUIDs only implemented for interfaces!
 -> (artifact id: 'c21f7db26502b618a63689ff89a6a4f0') in 0.006630 seconds
Number of updated asset objects reloaded before import = 0
Number of asset objects unloaded after import = 1
========================================================================
Received Import Request.
  Time since last request: 0.000023 seconds.
  path: Assets/FREE Skyboxes - Sci-Fi & Fantasy/SBS Sci-Fi & Fantasy 3/Large/Skybox_SBS Sci-Fi & Fantasy 3 Large.mat
  artifactKey: Guid(474ef41583c324545b8600d22a27c923) Importer(2089858483,0ecaa5967403d082aa24f35e1b516d23)
Start importing Assets/FREE Skyboxes - Sci-Fi & Fantasy/SBS Sci-Fi & Fantasy 3/Large/Skybox_SBS Sci-Fi & Fantasy 3 Large.mat using Guid(474ef41583c324545b8600d22a27c923) Importer(2089858483,0ecaa5967403d082aa24f35e1b516d23) Generated GUIDs only implemented for interfaces!
 -> (artifact id: '534b24d48cdd30ca830230d5960add91') in 0.966291 seconds
Number of updated asset objects reloaded before import = 0
Number of asset objects unloaded after import = 7
========================================================================
Received Import Request.
  Time since last request: 0.000059 seconds.
  path: Assets/FREE Skyboxes - Sci-Fi & Fantasy/SBS Sci-Fi & Fantasy 1/Small/Skybox_Sci-Fi & Fantasy 1 Small.mat
  artifactKey: Guid(2a3cdfacb966a814793e28209ce88d3e) Importer(2089858483,0ecaa5967403d082aa24f35e1b516d23)
Start importing Assets/FREE Skyboxes - Sci-Fi & Fantasy/SBS Sci-Fi & Fantasy 1/Small/Skybox_Sci-Fi & Fantasy 1 Small.mat using Guid(2a3cdfacb966a814793e28209ce88d3e) Importer(2089858483,0ecaa5967403d082aa24f35e1b516d23) Generated GUIDs only implemented for interfaces!
 -> (artifact id: 'afd502a04f3d0a60effbc671ddf0b109') in 0.059528 seconds
Number of updated asset objects reloaded before import = 0
Number of asset objects unloaded after import = 7
========================================================================
Received Import Request.
  Time since last request: 0.000057 seconds.
  path: Assets/2DSpaceshipsFreeTrial/Prefabs/2DScifiFighterWeapons/2DFighterCanon.prefab
  artifactKey: Guid(c1a1526c30c3195409d7a0dd052b974c) Importer(2089858483,0ecaa5967403d082aa24f35e1b516d23)
Start importing Assets/2DSpaceshipsFreeTrial/Prefabs/2DScifiFighterWeapons/2DFighterCanon.prefab using Guid(c1a1526c30c3195409d7a0dd052b974c) Importer(2089858483,0ecaa5967403d082aa24f35e1b516d23) Generated GUIDs only implemented for interfaces!
 -> (artifact id: 'b620387164546e8d68bc03b4586c2afb') in 0.018961 seconds
Number of updated asset objects reloaded before import = 0
Number of asset objects unloaded after import = 8
========================================================================
Received Import Request.
  Time since last request: 0.000046 seconds.
  path: Assets/SpaceshooterParallax/Textures/png/parallax 3/parallax png/waves.png
  artifactKey: Guid(6e946e9b34d1f9848918ac80109145c7) Importer(2089858483,0ecaa5967403d082aa24f35e1b516d23)
Start importing Assets/SpaceshooterParallax/Textures/png/parallax 3/parallax png/waves.png using Guid(6e946e9b34d1f9848918ac80109145c7) Importer(2089858483,0ecaa5967403d082aa24f35e1b516d23) Generated GUIDs only implemented for interfaces!
 -> (artifact id: '5910ef6c6650008e6f2869c1b5296c5e') in 0.026405 seconds
Number of updated asset objects reloaded before import = 0
Number of asset objects unloaded after import = 3
========================================================================
Received Import Request.
  Time since last request: 0.000061 seconds.
  path: Assets/FREE Skyboxes - Sci-Fi & Fantasy/SBS Sci-Fi & Fantasy 5/Medium/Textures/Front_SBS Sci-Fi & Fantasy 5 Medium.png
  artifactKey: Guid(c21a4708681cff94fbd68d222f8275b1) Importer(2089858483,0ecaa5967403d082aa24f35e1b516d23)
Start importing Assets/FREE Skyboxes - Sci-Fi & Fantasy/SBS Sci-Fi & Fantasy 5/Medium/Textures/Front_SBS Sci-Fi & Fantasy 5 Medium.png using Guid(c21a4708681cff94fbd68d222f8275b1) Importer(2089858483,0ecaa5967403d082aa24f35e1b516d23) Generated GUIDs only implemented for interfaces!
 -> (artifact id: '5f7cbffd9cd395903478b84e577cefe7') in 0.056132 seconds
Number of updated asset objects reloaded before import = 0
Number of asset objects unloaded after import = 1
========================================================================
Received Import Request.
  Time since last request: 0.000063 seconds.
  path: Assets/2DSpaceshipsFreeTrial/Textures/2DSpaceshipsFreeTrialSideView/2DSpaceshipsFreeTrialSideViewPSDSourcefiles.rar
  artifactKey: Guid(377e8c40fc236794794250a2c1734ba2) Importer(2089858483,0ecaa5967403d082aa24f35e1b516d23)
Start importing Assets/2DSpaceshipsFreeTrial/Textures/2DSpaceshipsFreeTrialSideView/2DSpaceshipsFreeTrialSideViewPSDSourcefiles.rar using Guid(377e8c40fc236794794250a2c1734ba2) Importer(2089858483,0ecaa5967403d082aa24f35e1b516d23) Generated GUIDs only implemented for interfaces!
 -> (artifact id: 'f683cf1d4fe89aca0c027f2ab9aa571a') in 0.009397 seconds
Number of updated asset objects reloaded before import = 0
Number of asset objects unloaded after import = 1
========================================================================
Received Import Request.
  Time since last request: 0.000032 seconds.
  path: Assets/SpaceshooterParallax/Textures/png/parallax 2/parallax png/small-asteroids.png
  artifactKey: Guid(28d65e5a7c4c2c449a3feaf4c295b45a) Importer(2089858483,0ecaa5967403d082aa24f35e1b516d23)
Start importing Assets/SpaceshooterParallax/Textures/png/parallax 2/parallax png/small-asteroids.png using Guid(28d65e5a7c4c2c449a3feaf4c295b45a) Importer(2089858483,0ecaa5967403d082aa24f35e1b516d23) Generated GUIDs only implemented for interfaces!
 -> (artifact id: '2208b5d408f23e91e5548f6ee51f41dc') in 0.020962 seconds
Number of updated asset objects reloaded before import = 0
Number of asset objects unloaded after import = 3
========================================================================
Received Import Request.
  Time since last request: 0.000028 seconds.
  path: Assets/SpaceshooterParallax/Textures/png/parallax 4/parallax png/planet.png
  artifactKey: Guid(354567fb89e299d4295d7bfa57ef1533) Importer(2089858483,0ecaa5967403d082aa24f35e1b516d23)
Start importing Assets/SpaceshooterParallax/Textures/png/parallax 4/parallax png/planet.png using Guid(354567fb89e299d4295d7bfa57ef1533) Importer(2089858483,0ecaa5967403d082aa24f35e1b516d23) Generated GUIDs only implemented for interfaces!
 -> (artifact id: '33f34dc4d7a6804777a41df63a6705ff') in 0.023197 seconds
Number of updated asset objects reloaded before import = 0
Number of asset objects unloaded after import = 3
========================================================================
Received Import Request.
  Time since last request: 0.000028 seconds.
  path: Assets/SpaceshooterParallax/Prefabs/05/Stones.prefab
  artifactKey: Guid(f39b26ff0bba5134982dc32d2504458e) Importer(2089858483,0ecaa5967403d082aa24f35e1b516d23)
Start importing Assets/SpaceshooterParallax/Prefabs/05/Stones.prefab using Guid(f39b26ff0bba5134982dc32d2504458e) Importer(2089858483,0ecaa5967403d082aa24f35e1b516d23) Generated GUIDs only implemented for interfaces!
 -> (artifact id: '2074605c94eb152064478ce82a9fa0a3') in 0.009010 seconds
Number of updated asset objects reloaded before import = 0
Number of asset objects unloaded after import = 20
========================================================================
Received Import Request.
  Time since last request: 0.000017 seconds.
  path: Assets/SpaceshooterParallax/Scripts/MainMenuScroller.cs
  artifactKey: Guid(7431ca0d25046254d853048f64f14b5d) Importer(2089858483,0ecaa5967403d082aa24f35e1b516d23)
Start importing Assets/SpaceshooterParallax/Scripts/MainMenuScroller.cs using Guid(7431ca0d25046254d853048f64f14b5d) Importer(2089858483,0ecaa5967403d082aa24f35e1b516d23) Generated GUIDs only implemented for interfaces!
 -> (artifact id: '3e6e5597d01202e8ca3a34d419c9580b') in 0.007450 seconds
Number of updated asset objects reloaded before import = 0
Number of asset objects unloaded after import = 1
========================================================================
Received Import Request.
  Time since last request: 0.000020 seconds.
  path: Assets/SpaceshooterParallax/Materials/Small Asteroids.mat
  artifactKey: Guid(a900c1b30ed8e8340a37a8376a2186cd) Importer(2089858483,0ecaa5967403d082aa24f35e1b516d23)
Start importing Assets/SpaceshooterParallax/Materials/Small Asteroids.mat using Guid(a900c1b30ed8e8340a37a8376a2186cd) Importer(2089858483,0ecaa5967403d082aa24f35e1b516d23) Generated GUIDs only implemented for interfaces!
 -> (artifact id: '58383d3ee83a1c699270b4924ea82566') in 0.010272 seconds
Number of updated asset objects reloaded before import = 0
Number of asset objects unloaded after import = 2
========================================================================
Received Import Request.
  Time since last request: 0.000035 seconds.
  path: Assets/SpaceshooterParallax/Textures/png/parallax 4/parallax png/asteroids-1.png
  artifactKey: Guid(9ae5551fd0432d445b240e8ce1d963bf) Importer(2089858483,0ecaa5967403d082aa24f35e1b516d23)
Start importing Assets/SpaceshooterParallax/Textures/png/parallax 4/parallax png/asteroids-1.png using Guid(9ae5551fd0432d445b240e8ce1d963bf) Importer(2089858483,0ecaa5967403d082aa24f35e1b516d23) Generated GUIDs only implemented for interfaces!
 -> (artifact id: '738920fd0d12e9e2188ca4cca8f2b4b1') in 0.021750 seconds
Number of updated asset objects reloaded before import = 0
Number of asset objects unloaded after import = 3
========================================================================
Received Import Request.
  Time since last request: 0.000028 seconds.
  path: Assets/FREE Skyboxes - Sci-Fi & Fantasy/SBS Sci-Fi & Fantasy 2/SBS Sci-Fi & Fantasy 2.asset
  artifactKey: Guid(25c034548a750674da43f728fc491a77) Importer(2089858483,0ecaa5967403d082aa24f35e1b516d23)
Start importing Assets/FREE Skyboxes - Sci-Fi & Fantasy/SBS Sci-Fi & Fantasy 2/SBS Sci-Fi & Fantasy 2.asset using Guid(25c034548a750674da43f728fc491a77) Importer(2089858483,0ecaa5967403d082aa24f35e1b516d23) Generated GUIDs only implemented for interfaces!
 -> (artifact id: '8ecf7f423a0db966a35ffad089d28f3b') in 0.008017 seconds
Number of updated asset objects reloaded before import = 0
Number of asset objects unloaded after import = 1
========================================================================
Received Import Request.
  Time since last request: 0.000080 seconds.
  path: Assets/FREE Skyboxes - Sci-Fi & Fantasy/SBS Sci-Fi & Fantasy 3/Large/Textures/Back_SBS Sci-Fi & Fantasy 3 Large.png
  artifactKey: Guid(c71917fac526f2c45b89a1ab8d65c507) Importer(2089858483,0ecaa5967403d082aa24f35e1b516d23)
Start importing Assets/FREE Skyboxes - Sci-Fi & Fantasy/SBS Sci-Fi & Fantasy 3/Large/Textures/Back_SBS Sci-Fi & Fantasy 3 Large.png using Guid(c71917fac526f2c45b89a1ab8d65c507) Importer(2089858483,0ecaa5967403d082aa24f35e1b516d23) Generated GUIDs only implemented for interfaces!
 -> (artifact id: '92cb417d6ca20b7ac85e7dc4a3fa2847') in 0.194594 seconds
Number of updated asset objects reloaded before import = 0
Number of asset objects unloaded after import = 1
Editor requested this worker to shutdown with reason: Scaling down because of idle timeout
TcpMessagingSession - receive error: operation aborted. errorcode: 995, details: The I/O operation has been aborted because of either a thread exit or an application request.
AssetImportWorker is now disconnected from the server
Process exiting
Exiting without the bug reporter. Application will terminate with return code 0