Using pre-set license
Built from '2022.3/staging' branch; Version is '2022.3.2f1 (d74737c6db50) revision 14108471'; Using compiler version '192829333'; Build Type 'Release'
OS: 'Windows 11  (10.0.22621) 64bit Core' Language: 'en' Physical Memory: 16163 MB
BatchMode: 1, IsHumanControllingUs: 0, StartBugReporterOnCrash: 0, Is64bit: 1, IsPro: 1

COMMAND LINE ARGUMENTS:
C:\Program Files\Unity\Hub\Editor\2022.3.2f1\Editor\Unity.exe
-adb2
-batchMode
-noUpm
-name
AssetImportWorker3
-projectPath
C:/Users/derie/Documents/Unity Projects/PortfolioProjects/SpaceBattle
-logFile
Logs/AssetImportWorker3.log
-srvPort
58867
Successfully changed project path to: C:/Users/derie/Documents/Unity Projects/PortfolioProjects/SpaceBattle
C:/Users/derie/Documents/Unity Projects/PortfolioProjects/SpaceBattle
[UnityMemory] Configuration Parameters - Can be set up in boot.config
    "memorysetup-bucket-allocator-granularity=16"
    "memorysetup-bucket-allocator-bucket-count=8"
    "memorysetup-bucket-allocator-block-size=33554432"
    "memorysetup-bucket-allocator-block-count=8"
    "memorysetup-main-allocator-block-size=16777216"
    "memorysetup-thread-allocator-block-size=16777216"
    "memorysetup-gfx-main-allocator-block-size=16777216"
    "memorysetup-gfx-thread-allocator-block-size=16777216"
    "memorysetup-cache-allocator-block-size=4194304"
    "memorysetup-typetree-allocator-block-size=2097152"
    "memorysetup-profiler-bucket-allocator-granularity=16"
    "memorysetup-profiler-bucket-allocator-bucket-count=8"
    "memorysetup-profiler-bucket-allocator-block-size=33554432"
    "memorysetup-profiler-bucket-allocator-block-count=8"
    "memorysetup-profiler-allocator-block-size=16777216"
    "memorysetup-profiler-editor-allocator-block-size=1048576"
    "memorysetup-temp-allocator-size-main=16777216"
    "memorysetup-job-temp-allocator-block-size=2097152"
    "memorysetup-job-temp-allocator-block-size-background=1048576"
    "memorysetup-job-temp-allocator-reduction-small-platforms=262144"
    "memorysetup-allocator-temp-initial-block-size-main=262144"
    "memorysetup-allocator-temp-initial-block-size-worker=262144"
    "memorysetup-temp-allocator-size-background-worker=32768"
    "memorysetup-temp-allocator-size-job-worker=262144"
    "memorysetup-temp-allocator-size-preload-manager=33554432"
    "memorysetup-temp-allocator-size-nav-mesh-worker=65536"
    "memorysetup-temp-allocator-size-audio-worker=65536"
    "memorysetup-temp-allocator-size-cloud-worker=32768"
    "memorysetup-temp-allocator-size-gi-baking-worker=262144"
    "memorysetup-temp-allocator-size-gfx=262144"
Player connection [27676] Host "[IP] 192.168.1.224 [Port] 0 [Flags] 2 [Guid] 1995538200 [EditorId] 1995538200 [Version] 1048832 [Id] WindowsEditor(7,Predator) [Debug] 1 [PackageName] WindowsEditor [ProjectName] Editor" joined multi-casting on [225.0.0.222:54997]...

Player connection [27676] Host "[IP] 192.168.1.224 [Port] 0 [Flags] 2 [Guid] 1995538200 [EditorId] 1995538200 [Version] 1048832 [Id] WindowsEditor(7,Predator) [Debug] 1 [PackageName] WindowsEditor [ProjectName] Editor" joined alternative multi-casting on [225.0.0.222:34997]...

Refreshing native plugins compatible for Editor in 17.29 ms, found 3 plugins.
Preloading 0 native plugins for Editor in 0.00 ms.
Initialize engine version: 2022.3.2f1 (d74737c6db50)
[Subsystems] Discovering subsystems at path C:/Program Files/Unity/Hub/Editor/2022.3.2f1/Editor/Data/Resources/UnitySubsystems
[Subsystems] Discovering subsystems at path C:/Users/derie/Documents/Unity Projects/PortfolioProjects/SpaceBattle/Assets
GfxDevice: creating device client; threaded=0; jobified=0
Direct3D:
    Version:  Direct3D 11.0 [level 11.1]
    Renderer: NVIDIA GeForce RTX 3070 Laptop GPU (ID=0x249d)
    Vendor:   NVIDIA
    VRAM:     8033 MB
    Driver:   31.0.15.3699
Initialize mono
Mono path[0] = 'C:/Program Files/Unity/Hub/Editor/2022.3.2f1/Editor/Data/Managed'
Mono path[1] = 'C:/Program Files/Unity/Hub/Editor/2022.3.2f1/Editor/Data/MonoBleedingEdge/lib/mono/unityjit-win32'
Mono config path = 'C:/Program Files/Unity/Hub/Editor/2022.3.2f1/Editor/Data/MonoBleedingEdge/etc'
Using monoOptions --debugger-agent=transport=dt_socket,embedding=1,server=y,suspend=n,address=127.0.0.1:56864
Begin MonoManager ReloadAssembly
Registering precompiled unity dll's ...
Register platform support module: C:/Program Files/Unity/Hub/Editor/2022.3.2f1/Editor/Data/PlaybackEngines/WebGLSupport/UnityEditor.WebGL.Extensions.dll
Register platform support module: C:/Program Files/Unity/Hub/Editor/2022.3.2f1/Editor/Data/PlaybackEngines/AndroidPlayer/UnityEditor.Android.Extensions.dll
Register platform support module: C:/Program Files/Unity/Hub/Editor/2022.3.2f1/Editor/Data/PlaybackEngines/iOSSupport/UnityEditor.iOS.Extensions.dll
Register platform support module: C:/Program Files/Unity/Hub/Editor/2022.3.2f1/Editor/Data/PlaybackEngines/WindowsStandaloneSupport/UnityEditor.WindowsStandalone.Extensions.dll
Registered in 0.010186 seconds.
- Loaded All Assemblies, in  0.286 seconds
Native extension for WindowsStandalone target not found
[usbmuxd] Start listen thread
[usbmuxd] Listen thread started
Native extension for iOS target not found
Native extension for Android target not found
Android Extension - Scanning For ADB Devices 308 ms
Native extension for WebGL target not found
Mono: successfully reloaded assembly
- Finished resetting the current domain, in  0.576 seconds
Domain Reload Profiling: 861ms
	BeginReloadAssembly (77ms)
		ExecutionOrderSort (0ms)
		DisableScriptedObjects (0ms)
		BackupInstance (0ms)
		ReleaseScriptingObjects (0ms)
		CreateAndSetChildDomain (1ms)
	RebuildCommonClasses (27ms)
	RebuildNativeTypeToScriptingClass (8ms)
	initialDomainReloadingComplete (55ms)
	LoadAllAssembliesAndSetupDomain (117ms)
		LoadAssemblies (76ms)
		RebuildTransferFunctionScriptingTraits (0ms)
		AnalyzeDomain (112ms)
			TypeCache.Refresh (112ms)
				TypeCache.ScanAssembly (101ms)
			ScanForSourceGeneratedMonoScriptInfo (0ms)
			ResolveRequiredComponents (0ms)
	FinalizeReload (577ms)
		ReleaseScriptCaches (0ms)
		RebuildScriptCaches (0ms)
		SetupLoadedEditorAssemblies (529ms)
			LogAssemblyErrors (0ms)
			InitializePlatformSupportModulesInManaged (419ms)
			SetLoadedEditorAssemblies (3ms)
			RefreshPlugins (0ms)
			BeforeProcessingInitializeOnLoad (2ms)
			ProcessInitializeOnLoadAttributes (70ms)
			ProcessInitializeOnLoadMethodAttributes (35ms)
			AfterProcessingInitializeOnLoad (0ms)
			EditorAssembliesLoaded (0ms)
		ExecutionOrderSort2 (0ms)
		AwakeInstancesAfterBackupRestoration (0ms)
========================================================================
Worker process is ready to serve import requests
Begin MonoManager ReloadAssembly
Symbol file LoadedFromMemory doesn't match image C:\Users\derie\Documents\Unity Projects\PortfolioProjects\SpaceBattle\Library\PackageCache\com.unity.visualscripting@1.8.0\Editor\VisualScripting.Core\Dependencies\YamlDotNet\Unity.VisualScripting.YamlDotNet.dll
Symbol file LoadedFromMemory doesn't match image C:\Users\derie\Documents\Unity Projects\PortfolioProjects\SpaceBattle\Library\PackageCache\com.unity.visualscripting@1.8.0\Editor\VisualScripting.Core\Dependencies\DotNetZip\Unity.VisualScripting.IonicZip.dll
- Loaded All Assemblies, in  0.577 seconds
Refreshing native plugins compatible for Editor in 2.57 ms, found 3 plugins.
Native extension for WindowsStandalone target not found
Native extension for iOS target not found
Native extension for Android target not found
Native extension for WebGL target not found
Mono: successfully reloaded assembly
- Finished resetting the current domain, in  0.481 seconds
Domain Reload Profiling: 1056ms
	BeginReloadAssembly (109ms)
		ExecutionOrderSort (0ms)
		DisableScriptedObjects (4ms)
		BackupInstance (0ms)
		ReleaseScriptingObjects (0ms)
		CreateAndSetChildDomain (23ms)
	RebuildCommonClasses (24ms)
	RebuildNativeTypeToScriptingClass (8ms)
	initialDomainReloadingComplete (32ms)
	LoadAllAssembliesAndSetupDomain (401ms)
		LoadAssemblies (224ms)
		RebuildTransferFunctionScriptingTraits (0ms)
		AnalyzeDomain (228ms)
			TypeCache.Refresh (213ms)
				TypeCache.ScanAssembly (201ms)
			ScanForSourceGeneratedMonoScriptInfo (12ms)
			ResolveRequiredComponents (3ms)
	FinalizeReload (482ms)
		ReleaseScriptCaches (0ms)
		RebuildScriptCaches (0ms)
		SetupLoadedEditorAssemblies (346ms)
			LogAssemblyErrors (0ms)
			InitializePlatformSupportModulesInManaged (25ms)
			SetLoadedEditorAssemblies (2ms)
			RefreshPlugins (0ms)
			BeforeProcessingInitializeOnLoad (43ms)
			ProcessInitializeOnLoadAttributes (254ms)
			ProcessInitializeOnLoadMethodAttributes (16ms)
			AfterProcessingInitializeOnLoad (5ms)
			EditorAssembliesLoaded (0ms)
		ExecutionOrderSort2 (0ms)
		AwakeInstancesAfterBackupRestoration (6ms)
Launched and connected shader compiler UnityShaderCompiler.exe after 0.05 seconds
Refreshing native plugins compatible for Editor in 3.03 ms, found 3 plugins.
Preloading 0 native plugins for Editor in 0.00 ms.
Unloading 3465 Unused Serialized files (Serialized files now loaded: 0)
Unloading 38 unused Assets / (56.8 KB). Loaded Objects now: 3936.
Memory consumption went from 135.7 MB to 135.6 MB.
Total: 3.012100 ms (FindLiveObjects: 0.266400 ms CreateObjectMapping: 0.079300 ms MarkObjects: 2.538100 ms  DeleteObjects: 0.127300 ms)

AssetImportParameters requested are different than current active one (requested -> active):
  custom:container-demuxer-ogg: 62fdf1f143b41e24485cea50d1cbac27 -> 
  custom:video-decoder-ogg-theora: a1e56fd34408186e4bbccfd4996cb3dc -> 
  custom:framework-win-MediaFoundation: 216162199b28c13a410421893ffa2e32 -> 
  custom:container-demuxer-webm: 4f35f7cbe854078d1ac9338744f61a02 -> 
  custom:container-muxer-webm: aa71ff27fc2769a1b78a27578f13a17b -> 
  custom:video-decoder-webm-vp8: 9c59270c3fd7afecdb556c50c9e8de78 -> 
  custom:AudioImporter_EditorPlatform: d09bf68614088b80899f8185d706f6e7 -> 
  custom:video-encoder-webm-vp8: eb34c28f22e8b96e1ab97ce403110664 -> 
  custom:audio-decoder-ogg-vorbis: bf7c407c2cedff20999df2af8eb42d56 -> 
  custom:audio-encoder-webm-vorbis: bf7c407c2cedff20999df2af8eb42d56 -> 
========================================================================
Received Import Request.
  Time since last request: 21297.173733 seconds.
  path: Assets/Imports/SpaceshooterParallax/Textures/png/parallax 4/parallax png/asteroids.png
  artifactKey: Guid(3192ac40b43297242a19a739cdca6ab2) Importer(815301076,1909f56bfc062723c751e8b465ee728b)
Start importing Assets/Imports/SpaceshooterParallax/Textures/png/parallax 4/parallax png/asteroids.png using Guid(3192ac40b43297242a19a739cdca6ab2) Importer(815301076,1909f56bfc062723c751e8b465ee728b)  -> (artifact id: '81d959b994d4a92b5f9449ee25776af6') in 0.081162 seconds
Number of updated asset objects reloaded before import = 0
Number of asset objects unloaded after import = 3
========================================================================
Received Import Request.
  Time since last request: 5.103774 seconds.
  path: Assets/Imports/SpaceshooterParallax/Textures/png/parallax 4/parallax png/asteroids-1.png
  artifactKey: Guid(9ae5551fd0432d445b240e8ce1d963bf) Importer(815301076,1909f56bfc062723c751e8b465ee728b)
Start importing Assets/Imports/SpaceshooterParallax/Textures/png/parallax 4/parallax png/asteroids-1.png using Guid(9ae5551fd0432d445b240e8ce1d963bf) Importer(815301076,1909f56bfc062723c751e8b465ee728b)  -> (artifact id: '1d669347ce4d436ceea7f17a92aabd5a') in 0.017548 seconds
Number of updated asset objects reloaded before import = 0
Number of asset objects unloaded after import = 3
========================================================================
Received Import Request.
  Time since last request: 0.000016 seconds.
  path: Assets/Imports/SpaceshooterParallax/Textures/png/parallax 1/parallax png/background.png
  artifactKey: Guid(88ea4c85a74d1064c93e4c970bdf1b6f) Importer(815301076,1909f56bfc062723c751e8b465ee728b)
Start importing Assets/Imports/SpaceshooterParallax/Textures/png/parallax 1/parallax png/background.png using Guid(88ea4c85a74d1064c93e4c970bdf1b6f) Importer(815301076,1909f56bfc062723c751e8b465ee728b)  -> (artifact id: '008ef53d178d1c662d53cf56fd8a7d68') in 0.026098 seconds
Number of updated asset objects reloaded before import = 0
Number of asset objects unloaded after import = 3
========================================================================
Received Import Request.
  Time since last request: 0.720560 seconds.
  path: Assets/Sprites/Enemy_Explode_Sequence/EnemyTurnLeft0000_00000.png
  artifactKey: Guid(3154912113cbb4a498df6f571c74e18c) Importer(815301076,1909f56bfc062723c751e8b465ee728b)
Start importing Assets/Sprites/Enemy_Explode_Sequence/EnemyTurnLeft0000_00000.png using Guid(3154912113cbb4a498df6f571c74e18c) Importer(815301076,1909f56bfc062723c751e8b465ee728b)  -> (artifact id: '268174fbcf5d65134016842190c2c89b') in 0.015274 seconds
Number of updated asset objects reloaded before import = 0
Number of asset objects unloaded after import = 3
========================================================================
Received Import Request.
  Time since last request: 0.000015 seconds.
  path: Assets/Sprites/Enemy_Explode_Sequence/EnemyTurnLeft0000_00005.png
  artifactKey: Guid(6f55af48c2b0a4aac993a217fcebe9d3) Importer(815301076,1909f56bfc062723c751e8b465ee728b)
Start importing Assets/Sprites/Enemy_Explode_Sequence/EnemyTurnLeft0000_00005.png using Guid(6f55af48c2b0a4aac993a217fcebe9d3) Importer(815301076,1909f56bfc062723c751e8b465ee728b)  -> (artifact id: '139e3ebb101c7cc19e97ebb5b8957cb0') in 0.022468 seconds
Number of updated asset objects reloaded before import = 0
Number of asset objects unloaded after import = 3
========================================================================
Received Import Request.
  Time since last request: 0.000015 seconds.
  path: Assets/Sprites/Enemy_Explode_Sequence/EnemyTurnLeft0000_00003.png
  artifactKey: Guid(c2e13c0c12b714179887597dd1d6b1f4) Importer(815301076,1909f56bfc062723c751e8b465ee728b)
Start importing Assets/Sprites/Enemy_Explode_Sequence/EnemyTurnLeft0000_00003.png using Guid(c2e13c0c12b714179887597dd1d6b1f4) Importer(815301076,1909f56bfc062723c751e8b465ee728b)  -> (artifact id: 'beca71f64dc1e9e5f628593999d1bf4b') in 0.014783 seconds
Number of updated asset objects reloaded before import = 0
Number of asset objects unloaded after import = 3
========================================================================
Received Import Request.
  Time since last request: 0.854263 seconds.
  path: Assets/Sprites/Enemy_Explode_Sequence/EnemyTurnLeft0000_00011.png
  artifactKey: Guid(6680d84ea14cd490d94fca00dd42d17c) Importer(815301076,1909f56bfc062723c751e8b465ee728b)
Start importing Assets/Sprites/Enemy_Explode_Sequence/EnemyTurnLeft0000_00011.png using Guid(6680d84ea14cd490d94fca00dd42d17c) Importer(815301076,1909f56bfc062723c751e8b465ee728b)  -> (artifact id: 'd1fe026600a51e7d8d7d0030c19aa651') in 0.010906 seconds
Number of updated asset objects reloaded before import = 0
Number of asset objects unloaded after import = 3
========================================================================
Received Import Request.
  Time since last request: 0.000165 seconds.
  path: Assets/Sprites/Enemy_Explode_Sequence/EnemyTurnLeft0000_00013.png
  artifactKey: Guid(cc29a104009564a12af656f2334002ca) Importer(815301076,1909f56bfc062723c751e8b465ee728b)
Start importing Assets/Sprites/Enemy_Explode_Sequence/EnemyTurnLeft0000_00013.png using Guid(cc29a104009564a12af656f2334002ca) Importer(815301076,1909f56bfc062723c751e8b465ee728b)  -> (artifact id: 'c0968519d9b953381f31d6828d2aa980') in 0.022075 seconds
Number of updated asset objects reloaded before import = 0
Number of asset objects unloaded after import = 3
========================================================================
Received Import Request.
  Time since last request: 0.053962 seconds.
  path: Assets/Sprites/Enemy_Explode_Sequence/EnemyTurnLeft0000_00022.png
  artifactKey: Guid(d2b526d33b19b476084bea7e7af259c9) Importer(815301076,1909f56bfc062723c751e8b465ee728b)
Start importing Assets/Sprites/Enemy_Explode_Sequence/EnemyTurnLeft0000_00022.png using Guid(d2b526d33b19b476084bea7e7af259c9) Importer(815301076,1909f56bfc062723c751e8b465ee728b)  -> (artifact id: '53d4c4ca0c2f055f2119b91160fca044') in 0.015509 seconds
Number of updated asset objects reloaded before import = 0
Number of asset objects unloaded after import = 3
========================================================================
Received Import Request.
  Time since last request: 0.000017 seconds.
  path: Assets/Sprites/Enemy_Explode_Sequence/EnemyTurnLeft0000_00024.png
  artifactKey: Guid(543e52a636fd448509dbdf7e477bf72f) Importer(815301076,1909f56bfc062723c751e8b465ee728b)
Start importing Assets/Sprites/Enemy_Explode_Sequence/EnemyTurnLeft0000_00024.png using Guid(543e52a636fd448509dbdf7e477bf72f) Importer(815301076,1909f56bfc062723c751e8b465ee728b)  -> (artifact id: '891afb5a87e09c39eec9f22dbb572564') in 0.024492 seconds
Number of updated asset objects reloaded before import = 0
Number of asset objects unloaded after import = 3
========================================================================
Received Import Request.
  Time since last request: 0.545581 seconds.
  path: Assets/Sprites/Enemy_Explode_Sequence/EnemyTurnLeft0000_00033.png
  artifactKey: Guid(1fb4abcc5112843b781c36e11161368a) Importer(815301076,1909f56bfc062723c751e8b465ee728b)
Start importing Assets/Sprites/Enemy_Explode_Sequence/EnemyTurnLeft0000_00033.png using Guid(1fb4abcc5112843b781c36e11161368a) Importer(815301076,1909f56bfc062723c751e8b465ee728b)  -> (artifact id: 'e62a09b91c8fc0f64539e5b3a2ce0635') in 0.014128 seconds
Number of updated asset objects reloaded before import = 0
Number of asset objects unloaded after import = 3
========================================================================
Received Import Request.
  Time since last request: 0.000018 seconds.
  path: Assets/Sprites/Enemy_Explode_Sequence/EnemyTurnLeft0000_00039.png
  artifactKey: Guid(8a6518b63895747809a33ab01016c111) Importer(815301076,1909f56bfc062723c751e8b465ee728b)
Start importing Assets/Sprites/Enemy_Explode_Sequence/EnemyTurnLeft0000_00039.png using Guid(8a6518b63895747809a33ab01016c111) Importer(815301076,1909f56bfc062723c751e8b465ee728b)  -> (artifact id: 'adbc58a0965f20be1047400808d84b56') in 0.018239 seconds
Number of updated asset objects reloaded before import = 0
Number of asset objects unloaded after import = 3
========================================================================
Received Import Request.
  Time since last request: 0.781421 seconds.
  path: Assets/Sprites/Enemy_Explode_Sequence/EnemyTurnLeft0000_00044.png
  artifactKey: Guid(7539bb980ae3249f5882f08507b2cf5f) Importer(815301076,1909f56bfc062723c751e8b465ee728b)
Start importing Assets/Sprites/Enemy_Explode_Sequence/EnemyTurnLeft0000_00044.png using Guid(7539bb980ae3249f5882f08507b2cf5f) Importer(815301076,1909f56bfc062723c751e8b465ee728b)  -> (artifact id: 'e9f40943a6b3f533d43c0d28fb10cb05') in 0.013323 seconds
Number of updated asset objects reloaded before import = 0
Number of asset objects unloaded after import = 3
========================================================================
Received Import Request.
  Time since last request: 0.000018 seconds.
  path: Assets/Sprites/Enemy_Explode_Sequence/EnemyTurnLeft0000_00045.png
  artifactKey: Guid(015cd6c0d2a804dcbb9ba6795aaaf09a) Importer(815301076,1909f56bfc062723c751e8b465ee728b)
Start importing Assets/Sprites/Enemy_Explode_Sequence/EnemyTurnLeft0000_00045.png using Guid(015cd6c0d2a804dcbb9ba6795aaaf09a) Importer(815301076,1909f56bfc062723c751e8b465ee728b)  -> (artifact id: 'd953a043c0c0dbd9f4a9fde700aa1316') in 0.016625 seconds
Number of updated asset objects reloaded before import = 0
Number of asset objects unloaded after import = 3
========================================================================
Received Import Request.
  Time since last request: 0.208012 seconds.
  path: Assets/Sprites/Enemy_Explode_Sequence/EnemyTurnLeft0000_00055.png
  artifactKey: Guid(51ffd65fe107b4da58e55b672c5d2b1a) Importer(815301076,1909f56bfc062723c751e8b465ee728b)
Start importing Assets/Sprites/Enemy_Explode_Sequence/EnemyTurnLeft0000_00055.png using Guid(51ffd65fe107b4da58e55b672c5d2b1a) Importer(815301076,1909f56bfc062723c751e8b465ee728b)  -> (artifact id: 'e8867c3a6f1cbb38a34a03a4a285f337') in 0.011711 seconds
Number of updated asset objects reloaded before import = 0
Number of asset objects unloaded after import = 3
========================================================================
Received Import Request.
  Time since last request: 0.000014 seconds.
  path: Assets/Sprites/Enemy_Explode_Sequence/EnemyTurnLeft0000_00058.png
  artifactKey: Guid(c502cf324441c44eb9e358400809e67b) Importer(815301076,1909f56bfc062723c751e8b465ee728b)
Start importing Assets/Sprites/Enemy_Explode_Sequence/EnemyTurnLeft0000_00058.png using Guid(c502cf324441c44eb9e358400809e67b) Importer(815301076,1909f56bfc062723c751e8b465ee728b)  -> (artifact id: '5f4292e8282136706836a890b9443bb3') in 0.013307 seconds
Number of updated asset objects reloaded before import = 0
Number of asset objects unloaded after import = 3
========================================================================
Received Import Request.
  Time since last request: 0.000017 seconds.
  path: Assets/Sprites/Enemy_Explode_Sequence/EnemyTurnLeft0000_00056.png
  artifactKey: Guid(1c0c33a0e41a44e25a55a971b7770919) Importer(815301076,1909f56bfc062723c751e8b465ee728b)
Start importing Assets/Sprites/Enemy_Explode_Sequence/EnemyTurnLeft0000_00056.png using Guid(1c0c33a0e41a44e25a55a971b7770919) Importer(815301076,1909f56bfc062723c751e8b465ee728b)  -> (artifact id: '6b53240b3dab63b40f899264ac64278c') in 0.013431 seconds
Number of updated asset objects reloaded before import = 0
Number of asset objects unloaded after import = 3
========================================================================
Received Import Request.
  Time since last request: 0.868122 seconds.
  path: Assets/Sprites/Enemy_Explode_Sequence/EnemyTurnLeft0000_00066.png
  artifactKey: Guid(af9587812f0bb40f098799624c76c70e) Importer(815301076,1909f56bfc062723c751e8b465ee728b)
Start importing Assets/Sprites/Enemy_Explode_Sequence/EnemyTurnLeft0000_00066.png using Guid(af9587812f0bb40f098799624c76c70e) Importer(815301076,1909f56bfc062723c751e8b465ee728b)  -> (artifact id: 'c17e1919c25eb5572c16c800471cd09e') in 0.018647 seconds
Number of updated asset objects reloaded before import = 0
Number of asset objects unloaded after import = 3
========================================================================
Received Import Request.
  Time since last request: 0.000014 seconds.
  path: Assets/Sprites/Enemy_Explode_Sequence/EnemyTurnLeft0000_00070.png
  artifactKey: Guid(692ff9f54522046a08b24dce97a8102e) Importer(815301076,1909f56bfc062723c751e8b465ee728b)
Start importing Assets/Sprites/Enemy_Explode_Sequence/EnemyTurnLeft0000_00070.png using Guid(692ff9f54522046a08b24dce97a8102e) Importer(815301076,1909f56bfc062723c751e8b465ee728b)  -> (artifact id: '00dacce1eeed3e1e26c2b69df7602b27') in 0.016977 seconds
Number of updated asset objects reloaded before import = 0
Number of asset objects unloaded after import = 3
========================================================================
Received Import Request.
  Time since last request: 0.000016 seconds.
  path: Assets/Sprites/Enemy_Explode_Sequence/EnemyTurnLeft0000_00073.png
  artifactKey: Guid(0074fdee9a2fb4e63b6051589b555bc9) Importer(815301076,1909f56bfc062723c751e8b465ee728b)
Start importing Assets/Sprites/Enemy_Explode_Sequence/EnemyTurnLeft0000_00073.png using Guid(0074fdee9a2fb4e63b6051589b555bc9) Importer(815301076,1909f56bfc062723c751e8b465ee728b)  -> (artifact id: '283f4f082c42e5c487f5bdd2504dc637') in 0.013103 seconds
Number of updated asset objects reloaded before import = 0
Number of asset objects unloaded after import = 3
========================================================================
Received Import Request.
  Time since last request: 0.236310 seconds.
  path: Assets/Sprites/Enemy_Explode_Sequence/EnemyTurnLeft0000_00077.png
  artifactKey: Guid(726517c70e04b473c808b0c93801b978) Importer(815301076,1909f56bfc062723c751e8b465ee728b)
Start importing Assets/Sprites/Enemy_Explode_Sequence/EnemyTurnLeft0000_00077.png using Guid(726517c70e04b473c808b0c93801b978) Importer(815301076,1909f56bfc062723c751e8b465ee728b)  -> (artifact id: '462cac0b381568adada24812eeb15f02') in 0.015866 seconds
Number of updated asset objects reloaded before import = 0
Number of asset objects unloaded after import = 3
========================================================================
Received Import Request.
  Time since last request: 0.000019 seconds.
  path: Assets/Sprites/Enemy_Explode_Sequence/EnemyTurnLeft0000_00078.png
  artifactKey: Guid(21c39e884b5f74a1f939dcb4393cf7e3) Importer(815301076,1909f56bfc062723c751e8b465ee728b)
Start importing Assets/Sprites/Enemy_Explode_Sequence/EnemyTurnLeft0000_00078.png using Guid(21c39e884b5f74a1f939dcb4393cf7e3) Importer(815301076,1909f56bfc062723c751e8b465ee728b)  -> (artifact id: '1e1b99ce283a9b2643f79410d1716fba') in 0.015930 seconds
Number of updated asset objects reloaded before import = 0
Number of asset objects unloaded after import = 3
========================================================================
Received Import Request.
  Time since last request: 0.000023 seconds.
  path: Assets/Sprites/Enemy_Explode_Sequence/EnemyTurnLeft0000_00079.png
  artifactKey: Guid(63bc29a8c12e6450893989f7f66125d5) Importer(815301076,1909f56bfc062723c751e8b465ee728b)
Start importing Assets/Sprites/Enemy_Explode_Sequence/EnemyTurnLeft0000_00079.png using Guid(63bc29a8c12e6450893989f7f66125d5) Importer(815301076,1909f56bfc062723c751e8b465ee728b)  -> (artifact id: '4ab98aba53568c68b8b5040abb19873e') in 0.033497 seconds
Number of updated asset objects reloaded before import = 0
Number of asset objects unloaded after import = 3
========================================================================
Received Import Request.
  Time since last request: 0.043459 seconds.
  path: Assets/Sprites/Enemy_Explode_Sequence/EnemyTurnLeft0000_00088.png
  artifactKey: Guid(3919c0b26b48c445490500727b1400f5) Importer(815301076,1909f56bfc062723c751e8b465ee728b)
Start importing Assets/Sprites/Enemy_Explode_Sequence/EnemyTurnLeft0000_00088.png using Guid(3919c0b26b48c445490500727b1400f5) Importer(815301076,1909f56bfc062723c751e8b465ee728b)  -> (artifact id: '8c7b86009c9cc8eab8d8cef8479be00c') in 0.011755 seconds
Number of updated asset objects reloaded before import = 0
Number of asset objects unloaded after import = 3
========================================================================
Received Import Request.
  Time since last request: 0.000012 seconds.
  path: Assets/Sprites/Enemy_Explode_Sequence/EnemyTurnLeft0000_00095.png
  artifactKey: Guid(5838e75ba802b46c1a9b6dad283a9cb0) Importer(815301076,1909f56bfc062723c751e8b465ee728b)
Start importing Assets/Sprites/Enemy_Explode_Sequence/EnemyTurnLeft0000_00095.png using Guid(5838e75ba802b46c1a9b6dad283a9cb0) Importer(815301076,1909f56bfc062723c751e8b465ee728b)  -> (artifact id: 'df7c7fa7b3a4ee0e494eefaf5d434d36') in 0.011922 seconds
Number of updated asset objects reloaded before import = 0
Number of asset objects unloaded after import = 3
========================================================================
Received Import Request.
  Time since last request: 0.170968 seconds.
  path: Assets/Sprites/Enemy_Explode_Sequence/EnemyTurnLeft0000_00099.png
  artifactKey: Guid(a04706569351f4bf9adc423faef55488) Importer(815301076,1909f56bfc062723c751e8b465ee728b)
Start importing Assets/Sprites/Enemy_Explode_Sequence/EnemyTurnLeft0000_00099.png using Guid(a04706569351f4bf9adc423faef55488) Importer(815301076,1909f56bfc062723c751e8b465ee728b)  -> (artifact id: '0da505afd6d42ac1e9dd9b55bd0887e6') in 0.010956 seconds
Number of updated asset objects reloaded before import = 0
Number of asset objects unloaded after import = 3
========================================================================
Received Import Request.
  Time since last request: 0.000014 seconds.
  path: Assets/Sprites/Enemy_Explode_Sequence/EnemyTurnLeft0000_00100.png
  artifactKey: Guid(ad76325917e9443eb9a0f09728104711) Importer(815301076,1909f56bfc062723c751e8b465ee728b)
Start importing Assets/Sprites/Enemy_Explode_Sequence/EnemyTurnLeft0000_00100.png using Guid(ad76325917e9443eb9a0f09728104711) Importer(815301076,1909f56bfc062723c751e8b465ee728b)  -> (artifact id: '563e205b3b65e48e2b9e208faecc5e0e') in 0.011581 seconds
Number of updated asset objects reloaded before import = 0
Number of asset objects unloaded after import = 3
========================================================================
Received Import Request.
  Time since last request: 0.000019 seconds.
  path: Assets/Sprites/Enemy_Explode_Sequence/EnemyTurnLeft0000_00102.png
  artifactKey: Guid(d365eab4b4040481e8e8fcbb22555f4a) Importer(815301076,1909f56bfc062723c751e8b465ee728b)
Start importing Assets/Sprites/Enemy_Explode_Sequence/EnemyTurnLeft0000_00102.png using Guid(d365eab4b4040481e8e8fcbb22555f4a) Importer(815301076,1909f56bfc062723c751e8b465ee728b)  -> (artifact id: 'ff992118a5392ebf26e6a102583e3721') in 0.009929 seconds
Number of updated asset objects reloaded before import = 0
Number of asset objects unloaded after import = 3
========================================================================
Received Import Request.
  Time since last request: 0.045514 seconds.
  path: Assets/Sprites/Enemy_Explode_Sequence/EnemyTurnLeft0000_00110.png
  artifactKey: Guid(71ada7049ab5a4ced96b18a473c088f1) Importer(815301076,1909f56bfc062723c751e8b465ee728b)
Start importing Assets/Sprites/Enemy_Explode_Sequence/EnemyTurnLeft0000_00110.png using Guid(71ada7049ab5a4ced96b18a473c088f1) Importer(815301076,1909f56bfc062723c751e8b465ee728b)  -> (artifact id: '8e11c291f9579eda271a0c04ef9b3d96') in 0.009882 seconds
Number of updated asset objects reloaded before import = 0
Number of asset objects unloaded after import = 3
========================================================================
Received Import Request.
  Time since last request: 0.000015 seconds.
  path: Assets/Sprites/Enemy_Explode_Sequence/EnemyTurnLeft0000_00111.png
  artifactKey: Guid(ec0b64152df0746558b6de5443e91b79) Importer(815301076,1909f56bfc062723c751e8b465ee728b)
Start importing Assets/Sprites/Enemy_Explode_Sequence/EnemyTurnLeft0000_00111.png using Guid(ec0b64152df0746558b6de5443e91b79) Importer(815301076,1909f56bfc062723c751e8b465ee728b)  -> (artifact id: '9cd8ab7b9dc621d955902ab0a8a0336d') in 0.011010 seconds
Number of updated asset objects reloaded before import = 0
Number of asset objects unloaded after import = 3
========================================================================
Received Import Request.
  Time since last request: 0.000015 seconds.
  path: Assets/Sprites/Enemy_Explode_Sequence/EnemyTurnLeft0000_00117.png
  artifactKey: Guid(982681ebc21cd419b9c9de6faba01ac7) Importer(815301076,1909f56bfc062723c751e8b465ee728b)
Start importing Assets/Sprites/Enemy_Explode_Sequence/EnemyTurnLeft0000_00117.png using Guid(982681ebc21cd419b9c9de6faba01ac7) Importer(815301076,1909f56bfc062723c751e8b465ee728b)  -> (artifact id: 'a5594ac6d31e4d9b7044164171b746c2') in 0.011796 seconds
Number of updated asset objects reloaded before import = 0
Number of asset objects unloaded after import = 3
========================================================================
Received Import Request.
  Time since last request: 0.250102 seconds.
  path: Assets/Sprites/Enemy_Explode_Sequence/EnemyTurnLeft0000_00121.png
  artifactKey: Guid(66cd051153bd041f69be2ffb6ac55681) Importer(815301076,1909f56bfc062723c751e8b465ee728b)
Start importing Assets/Sprites/Enemy_Explode_Sequence/EnemyTurnLeft0000_00121.png using Guid(66cd051153bd041f69be2ffb6ac55681) Importer(815301076,1909f56bfc062723c751e8b465ee728b)  -> (artifact id: '4aead187c4a3c69bd32abebafa81dde2') in 0.010016 seconds
Number of updated asset objects reloaded before import = 0
Number of asset objects unloaded after import = 3
========================================================================
Received Import Request.
  Time since last request: 0.000015 seconds.
  path: Assets/Sprites/Enemy_Explode_Sequence/EnemyTurnLeft0000_00123.png
  artifactKey: Guid(eb44280d0a1054ef3af7b2851fd1fe16) Importer(815301076,1909f56bfc062723c751e8b465ee728b)
Start importing Assets/Sprites/Enemy_Explode_Sequence/EnemyTurnLeft0000_00123.png using Guid(eb44280d0a1054ef3af7b2851fd1fe16) Importer(815301076,1909f56bfc062723c751e8b465ee728b)  -> (artifact id: '4eb6c9be86c4e8919ec670c15a1e11e7') in 0.012599 seconds
Number of updated asset objects reloaded before import = 0
Number of asset objects unloaded after import = 3
========================================================================
Received Import Request.
  Time since last request: 0.008864 seconds.
  path: Assets/Sprites/Enemy_Explode_Sequence/EnemyTurnLeft0000_00130.png
  artifactKey: Guid(204219265ff234b29a02de351879e27b) Importer(815301076,1909f56bfc062723c751e8b465ee728b)
Start importing Assets/Sprites/Enemy_Explode_Sequence/EnemyTurnLeft0000_00130.png using Guid(204219265ff234b29a02de351879e27b) Importer(815301076,1909f56bfc062723c751e8b465ee728b)  -> (artifact id: '1f794500cc8d7dc4ed2744a68511d18e') in 0.011338 seconds
Number of updated asset objects reloaded before import = 0
Number of asset objects unloaded after import = 3
========================================================================
Received Import Request.
  Time since last request: 0.000014 seconds.
  path: Assets/Sprites/Enemy_Explode_Sequence/EnemyTurnLeft0000_00137.png
  artifactKey: Guid(3e75dbe822c0d4380b358313f1def549) Importer(815301076,1909f56bfc062723c751e8b465ee728b)
Start importing Assets/Sprites/Enemy_Explode_Sequence/EnemyTurnLeft0000_00137.png using Guid(3e75dbe822c0d4380b358313f1def549) Importer(815301076,1909f56bfc062723c751e8b465ee728b)  -> (artifact id: '8a8f9443022abfcea83d50dafdaedd1b') in 0.011389 seconds
Number of updated asset objects reloaded before import = 0
Number of asset objects unloaded after import = 3
========================================================================
Received Import Request.
  Time since last request: 0.000017 seconds.
  path: Assets/Sprites/Enemy_Explode_Sequence/EnemyTurnLeft0000_00138.png
  artifactKey: Guid(21419a1c4500a4dd2acc2fb59ca93f5f) Importer(815301076,1909f56bfc062723c751e8b465ee728b)
Start importing Assets/Sprites/Enemy_Explode_Sequence/EnemyTurnLeft0000_00138.png using Guid(21419a1c4500a4dd2acc2fb59ca93f5f) Importer(815301076,1909f56bfc062723c751e8b465ee728b)  -> (artifact id: 'ae8d0c3b06a5c3f5b32b3d337968c454') in 0.013037 seconds
Number of updated asset objects reloaded before import = 0
Number of asset objects unloaded after import = 3
========================================================================
Received Import Request.
  Time since last request: 0.001361 seconds.
  path: Assets/Sprites/Enemy_Explode_Sequence/EnemyTurnLeft0000_00143.png
  artifactKey: Guid(84643580c143947d693b68e50d125c6d) Importer(815301076,1909f56bfc062723c751e8b465ee728b)
Start importing Assets/Sprites/Enemy_Explode_Sequence/EnemyTurnLeft0000_00143.png using Guid(84643580c143947d693b68e50d125c6d) Importer(815301076,1909f56bfc062723c751e8b465ee728b)  -> (artifact id: 'f1f9e51c58a8fdac69cc57cec33325bc') in 0.009599 seconds
Number of updated asset objects reloaded before import = 0
Number of asset objects unloaded after import = 3
========================================================================
Received Import Request.
  Time since last request: 0.000015 seconds.
  path: Assets/Sprites/Enemy_Explode_Sequence/EnemyTurnLeft0000_00146.png
  artifactKey: Guid(01f3a146967724f9ea412d80618110bb) Importer(815301076,1909f56bfc062723c751e8b465ee728b)
Start importing Assets/Sprites/Enemy_Explode_Sequence/EnemyTurnLeft0000_00146.png using Guid(01f3a146967724f9ea412d80618110bb) Importer(815301076,1909f56bfc062723c751e8b465ee728b)  -> (artifact id: '9b93d41b14a8183447e3f89fbbb8e3a6') in 0.012326 seconds
Number of updated asset objects reloaded before import = 0
Number of asset objects unloaded after import = 3
========================================================================
Received Import Request.
  Time since last request: 0.028934 seconds.
  path: Assets/Sprites/Enemy_Explode_Sequence/EnemyTurnLeft0000_00154.png
  artifactKey: Guid(19828cf3366fc475a8ea1b67f0b1ad4d) Importer(815301076,1909f56bfc062723c751e8b465ee728b)
Start importing Assets/Sprites/Enemy_Explode_Sequence/EnemyTurnLeft0000_00154.png using Guid(19828cf3366fc475a8ea1b67f0b1ad4d) Importer(815301076,1909f56bfc062723c751e8b465ee728b)  -> (artifact id: 'ffccd844bf72fcc97a434156d5d30332') in 0.009293 seconds
Number of updated asset objects reloaded before import = 0
Number of asset objects unloaded after import = 3
========================================================================
Received Import Request.
  Time since last request: 0.000022 seconds.
  path: Assets/Sprites/Enemy_Explode_Sequence/EnemyTurnLeft0000_00155.png
  artifactKey: Guid(cc6d7a7e57d2744b2a1f2ec16526d075) Importer(815301076,1909f56bfc062723c751e8b465ee728b)
Start importing Assets/Sprites/Enemy_Explode_Sequence/EnemyTurnLeft0000_00155.png using Guid(cc6d7a7e57d2744b2a1f2ec16526d075) Importer(815301076,1909f56bfc062723c751e8b465ee728b)  -> (artifact id: '8c834340b9b7f76d590c65a30f0c48fa') in 0.009590 seconds
Number of updated asset objects reloaded before import = 0
Number of asset objects unloaded after import = 3
========================================================================
Received Import Request.
  Time since last request: 0.282822 seconds.
  path: Assets/Sprites/Explosion/Explosion_00006.png
  artifactKey: Guid(d89c5abd9258140a3ac8d6f4a5f79ad6) Importer(815301076,1909f56bfc062723c751e8b465ee728b)
Start importing Assets/Sprites/Explosion/Explosion_00006.png using Guid(d89c5abd9258140a3ac8d6f4a5f79ad6) Importer(815301076,1909f56bfc062723c751e8b465ee728b)  -> (artifact id: '32295fb45926d8f674bd72fbae8baf89') in 0.008928 seconds
Number of updated asset objects reloaded before import = 0
Number of asset objects unloaded after import = 3
========================================================================
Received Import Request.
  Time since last request: 0.000018 seconds.
  path: Assets/Sprites/Explosion/Explosion_00010.png
  artifactKey: Guid(7f5a7561fb7104302b9c43f14dc5db21) Importer(815301076,1909f56bfc062723c751e8b465ee728b)
Start importing Assets/Sprites/Explosion/Explosion_00010.png using Guid(7f5a7561fb7104302b9c43f14dc5db21) Importer(815301076,1909f56bfc062723c751e8b465ee728b)  -> (artifact id: '34abf3a51cab95081e2af49a58736957') in 0.009395 seconds
Number of updated asset objects reloaded before import = 0
Number of asset objects unloaded after import = 3
========================================================================
Received Import Request.
  Time since last request: 0.074220 seconds.
  path: Assets/Sprites/Explosion/Explosion_00017.png
  artifactKey: Guid(e341161a4a28d43d2acab309a9952db7) Importer(815301076,1909f56bfc062723c751e8b465ee728b)
Start importing Assets/Sprites/Explosion/Explosion_00017.png using Guid(e341161a4a28d43d2acab309a9952db7) Importer(815301076,1909f56bfc062723c751e8b465ee728b)  -> (artifact id: '93760abeb703ef19b86a4b47c45085cb') in 0.011201 seconds
Number of updated asset objects reloaded before import = 0
Number of asset objects unloaded after import = 3
========================================================================
Received Import Request.
  Time since last request: 0.000017 seconds.
  path: Assets/Sprites/Explosion/Explosion_00021.png
  artifactKey: Guid(1202cb242bb50492a94f5a465be87d4a) Importer(815301076,1909f56bfc062723c751e8b465ee728b)
Start importing Assets/Sprites/Explosion/Explosion_00021.png using Guid(1202cb242bb50492a94f5a465be87d4a) Importer(815301076,1909f56bfc062723c751e8b465ee728b)  -> (artifact id: '06a8e56987d348b856932f5a51710d08') in 0.012778 seconds
Number of updated asset objects reloaded before import = 0
Number of asset objects unloaded after import = 3
========================================================================
Received Import Request.
  Time since last request: 0.046697 seconds.
  path: Assets/Sprites/Explosion/Explosion_00028.png
  artifactKey: Guid(fb94d9903666f457bbf880509d77fe7b) Importer(815301076,1909f56bfc062723c751e8b465ee728b)
Start importing Assets/Sprites/Explosion/Explosion_00028.png using Guid(fb94d9903666f457bbf880509d77fe7b) Importer(815301076,1909f56bfc062723c751e8b465ee728b)  -> (artifact id: 'bcaf5bf65bd9bdf43dbde3b97c3c208f') in 0.012397 seconds
Number of updated asset objects reloaded before import = 0
Number of asset objects unloaded after import = 3
========================================================================
Received Import Request.
  Time since last request: 0.000015 seconds.
  path: Assets/Sprites/Explosion/Explosion_00034.png
  artifactKey: Guid(483587f42268942ed88360818f5cca79) Importer(815301076,1909f56bfc062723c751e8b465ee728b)
Start importing Assets/Sprites/Explosion/Explosion_00034.png using Guid(483587f42268942ed88360818f5cca79) Importer(815301076,1909f56bfc062723c751e8b465ee728b)  -> (artifact id: '3a0cd0579931799d8fa96f0404692309') in 0.014512 seconds
Number of updated asset objects reloaded before import = 0
Number of asset objects unloaded after import = 3
Editor requested this worker to shutdown with reason: Scaling down because of idle timeout
TcpMessagingSession - receive error: operation aborted. errorcode: 995, details: The I/O operation has been aborted because of either a thread exit or an application request.
AssetImportWorker is now disconnected from the server
Process exiting
Exiting without the bug reporter. Application will terminate with return code 0